nohup: ignoring input
Stale pidfile exists. Removing it.
celery beat v3.1.26.post2 (Cipater) is starting.
__    -    ... __   -        _
Configuration ->
    . broker -> amqp://celery:**@120.92.155.170:5672//
    . loader -> celery.loaders.app.AppLoader
    . scheduler -> djcelery.schedulers.DatabaseScheduler

    . logfile -> [stderr]@%INFO
    . maxinterval -> now (0s)
[2020-12-04 19:12:30,970: INFO/MainProcess] Writing entries (0)...
[2020-12-04 19:12:31,029: INFO/MainProcess] Writing entries (1)...
[2020-12-04 19:15:35,978: INFO/MainProcess] Writing entries (0)...
[2020-12-04 19:18:40,917: INFO/MainProcess] Writing entries (0)...
[2020-12-04 19:21:45,876: INFO/MainProcess] Writing entries (0)...
[2020-12-04 19:24:50,831: INFO/MainProcess] Writing entries (0)...
[2020-12-04 19:27:55,786: INFO/MainProcess] Writing entries (0)...
[2020-12-04 19:31:00,745: INFO/MainProcess] Writing entries (0)...
[2020-12-04 19:34:05,702: INFO/MainProcess] Writing entries (0)...
[2020-12-04 19:37:10,654: INFO/MainProcess] Writing entries (0)...
[2020-12-04 19:40:15,606: INFO/MainProcess] Writing entries (0)...
[2020-12-04 19:43:20,563: INFO/MainProcess] Writing entries (0)...
[2020-12-04 19:46:25,515: INFO/MainProcess] Writing entries (0)...
[2020-12-04 19:49:30,472: INFO/MainProcess] Writing entries (0)...
[2020-12-04 19:52:35,430: INFO/MainProcess] Writing entries (0)...
[2020-12-04 19:55:40,390: INFO/MainProcess] Writing entries (0)...
[2020-12-04 19:58:45,341: INFO/MainProcess] Writing entries (0)...
[2020-12-04 20:01:50,295: INFO/MainProcess] Writing entries (0)...
[2020-12-04 20:04:55,244: INFO/MainProcess] Writing entries (0)...
[2020-12-04 20:08:00,197: INFO/MainProcess] Writing entries (0)...
[2020-12-04 20:11:05,153: INFO/MainProcess] Writing entries (0)...
[2020-12-04 20:14:10,107: INFO/MainProcess] Writing entries (0)...
[2020-12-04 20:17:15,062: INFO/MainProcess] Writing entries (0)...
[2020-12-04 20:20:20,018: INFO/MainProcess] Writing entries (0)...
[2020-12-04 20:23:24,975: INFO/MainProcess] Writing entries (0)...
[2020-12-04 20:26:29,920: INFO/MainProcess] Writing entries (0)...
[2020-12-04 20:29:34,878: INFO/MainProcess] Writing entries (0)...
[2020-12-04 20:32:39,843: INFO/MainProcess] Writing entries (0)...
[2020-12-04 20:35:44,801: INFO/MainProcess] Writing entries (0)...
[2020-12-04 20:38:49,755: INFO/MainProcess] Writing entries (0)...
[2020-12-04 20:41:54,708: INFO/MainProcess] Writing entries (0)...
[2020-12-04 20:44:59,662: INFO/MainProcess] Writing entries (0)...
[2020-12-04 20:48:04,618: INFO/MainProcess] Writing entries (0)...
[2020-12-04 20:51:09,571: INFO/MainProcess] Writing entries (0)...
[2020-12-04 20:54:14,529: INFO/MainProcess] Writing entries (0)...
[2020-12-04 20:57:19,487: INFO/MainProcess] Writing entries (0)...
[2020-12-04 21:00:24,446: INFO/MainProcess] Writing entries (0)...
[2020-12-04 21:03:29,400: INFO/MainProcess] Writing entries (0)...
[2020-12-04 21:06:34,357: INFO/MainProcess] Writing entries (0)...
[2020-12-04 21:09:39,311: INFO/MainProcess] Writing entries (0)...
[2020-12-04 21:12:44,267: INFO/MainProcess] Writing entries (0)...
[2020-12-04 21:15:49,222: INFO/MainProcess] Writing entries (0)...
[2020-12-04 21:18:54,175: INFO/MainProcess] Writing entries (0)...
[2020-12-04 21:21:59,131: INFO/MainProcess] Writing entries (0)...
[2020-12-04 21:25:04,084: INFO/MainProcess] Writing entries (0)...
[2020-12-04 21:28:09,043: INFO/MainProcess] Writing entries (0)...
[2020-12-04 21:31:13,992: INFO/MainProcess] Writing entries (0)...
[2020-12-04 21:34:18,948: INFO/MainProcess] Writing entries (0)...
[2020-12-04 21:37:23,904: INFO/MainProcess] Writing entries (0)...
[2020-12-04 21:40:28,856: INFO/MainProcess] Writing entries (0)...
[2020-12-04 21:43:33,810: INFO/MainProcess] Writing entries (0)...
[2020-12-04 21:46:38,765: INFO/MainProcess] Writing entries (0)...
[2020-12-04 21:49:43,721: INFO/MainProcess] Writing entries (0)...
[2020-12-04 21:52:48,677: INFO/MainProcess] Writing entries (0)...
[2020-12-04 21:55:53,634: INFO/MainProcess] Writing entries (0)...
[2020-12-04 21:58:58,592: INFO/MainProcess] Writing entries (0)...
[2020-12-04 22:02:03,547: INFO/MainProcess] Writing entries (0)...
[2020-12-04 22:05:08,494: INFO/MainProcess] Writing entries (0)...
[2020-12-04 22:08:13,451: INFO/MainProcess] Writing entries (0)...
[2020-12-04 22:11:18,406: INFO/MainProcess] Writing entries (0)...
[2020-12-04 22:14:23,357: INFO/MainProcess] Writing entries (0)...
[2020-12-04 22:17:28,308: INFO/MainProcess] Writing entries (0)...
[2020-12-04 22:20:33,264: INFO/MainProcess] Writing entries (0)...
[2020-12-04 22:23:38,222: INFO/MainProcess] Writing entries (0)...
[2020-12-04 22:26:43,177: INFO/MainProcess] Writing entries (0)...
[2020-12-04 22:29:48,129: INFO/MainProcess] Writing entries (0)...
[2020-12-04 22:32:53,081: INFO/MainProcess] Writing entries (0)...
[2020-12-04 22:35:58,035: INFO/MainProcess] Writing entries (0)...
[2020-12-04 22:39:02,988: INFO/MainProcess] Writing entries (0)...
[2020-12-04 22:42:07,943: INFO/MainProcess] Writing entries (0)...
[2020-12-04 22:45:12,900: INFO/MainProcess] Writing entries (0)...
[2020-12-04 22:48:17,852: INFO/MainProcess] Writing entries (0)...
[2020-12-04 22:51:22,808: INFO/MainProcess] Writing entries (0)...
[2020-12-04 22:54:27,764: INFO/MainProcess] Writing entries (0)...
[2020-12-04 22:57:32,719: INFO/MainProcess] Writing entries (0)...
[2020-12-04 23:00:37,675: INFO/MainProcess] Writing entries (0)...
[2020-12-04 23:03:42,625: INFO/MainProcess] Writing entries (0)...
[2020-12-04 23:06:47,575: INFO/MainProcess] Writing entries (0)...
[2020-12-04 23:09:52,525: INFO/MainProcess] Writing entries (0)...
[2020-12-04 23:12:57,476: INFO/MainProcess] Writing entries (0)...
[2020-12-04 23:16:02,426: INFO/MainProcess] Writing entries (0)...
[2020-12-04 23:19:07,375: INFO/MainProcess] Writing entries (0)...
[2020-12-04 23:22:12,327: INFO/MainProcess] Writing entries (0)...
[2020-12-04 23:25:17,281: INFO/MainProcess] Writing entries (0)...
[2020-12-04 23:28:22,235: INFO/MainProcess] Writing entries (0)...
[2020-12-04 23:31:27,188: INFO/MainProcess] Writing entries (0)...
[2020-12-04 23:34:32,141: INFO/MainProcess] Writing entries (0)...
[2020-12-04 23:37:37,090: INFO/MainProcess] Writing entries (0)...
[2020-12-04 23:40:42,030: INFO/MainProcess] Writing entries (0)...
[2020-12-04 23:43:46,980: INFO/MainProcess] Writing entries (0)...
[2020-12-04 23:46:51,929: INFO/MainProcess] Writing entries (0)...
[2020-12-04 23:49:56,880: INFO/MainProcess] Writing entries (0)...
[2020-12-04 23:53:01,823: INFO/MainProcess] Writing entries (0)...
[2020-12-04 23:56:06,761: INFO/MainProcess] Writing entries (0)...
[2020-12-04 23:59:11,711: INFO/MainProcess] Writing entries (0)...
[2020-12-05 00:02:16,657: INFO/MainProcess] Writing entries (0)...
[2020-12-05 00:05:21,609: INFO/MainProcess] Writing entries (0)...
[2020-12-05 00:08:26,565: INFO/MainProcess] Writing entries (0)...
[2020-12-05 00:11:31,519: INFO/MainProcess] Writing entries (0)...
[2020-12-05 00:14:36,471: INFO/MainProcess] Writing entries (0)...
[2020-12-05 00:17:41,427: INFO/MainProcess] Writing entries (0)...
[2020-12-05 00:20:46,390: INFO/MainProcess] Writing entries (0)...
[2020-12-05 00:23:51,346: INFO/MainProcess] Writing entries (0)...
[2020-12-05 00:26:56,303: INFO/MainProcess] Writing entries (0)...
[2020-12-05 00:30:01,254: INFO/MainProcess] Writing entries (0)...
[2020-12-05 00:33:06,208: INFO/MainProcess] Writing entries (0)...
[2020-12-05 00:36:11,164: INFO/MainProcess] Writing entries (0)...
[2020-12-05 00:39:16,121: INFO/MainProcess] Writing entries (0)...
[2020-12-05 00:42:21,078: INFO/MainProcess] Writing entries (0)...
[2020-12-05 00:45:26,027: INFO/MainProcess] Writing entries (0)...
[2020-12-05 00:48:30,979: INFO/MainProcess] Writing entries (0)...
[2020-12-05 00:51:35,933: INFO/MainProcess] Writing entries (0)...
[2020-12-05 00:54:40,887: INFO/MainProcess] Writing entries (0)...
[2020-12-05 00:57:45,834: INFO/MainProcess] Writing entries (0)...
[2020-12-05 01:00:50,787: INFO/MainProcess] Writing entries (0)...
[2020-12-05 01:03:55,743: INFO/MainProcess] Writing entries (0)...
[2020-12-05 01:07:00,694: INFO/MainProcess] Writing entries (0)...
[2020-12-05 01:10:05,655: INFO/MainProcess] Writing entries (0)...
[2020-12-05 01:13:10,607: INFO/MainProcess] Writing entries (0)...
[2020-12-05 01:16:15,560: INFO/MainProcess] Writing entries (0)...
[2020-12-05 01:19:20,508: INFO/MainProcess] Writing entries (0)...
[2020-12-05 01:22:25,448: INFO/MainProcess] Writing entries (0)...
[2020-12-05 01:25:30,399: INFO/MainProcess] Writing entries (0)...
[2020-12-05 01:28:35,345: INFO/MainProcess] Writing entries (0)...
[2020-12-05 01:31:40,294: INFO/MainProcess] Writing entries (0)...
[2020-12-05 01:34:45,227: INFO/MainProcess] Writing entries (0)...
[2020-12-05 01:37:50,172: INFO/MainProcess] Writing entries (0)...
[2020-12-05 01:40:55,126: INFO/MainProcess] Writing entries (0)...
[2020-12-05 01:44:00,082: INFO/MainProcess] Writing entries (0)...
[2020-12-05 01:47:05,040: INFO/MainProcess] Writing entries (0)...
[2020-12-05 01:50:09,994: INFO/MainProcess] Writing entries (0)...
[2020-12-05 01:53:14,957: INFO/MainProcess] Writing entries (0)...
[2020-12-05 01:56:19,911: INFO/MainProcess] Writing entries (0)...
[2020-12-05 01:59:24,866: INFO/MainProcess] Writing entries (0)...
[2020-12-05 02:02:29,824: INFO/MainProcess] Writing entries (0)...
[2020-12-05 02:05:34,777: INFO/MainProcess] Writing entries (0)...
[2020-12-05 02:08:39,735: INFO/MainProcess] Writing entries (0)...
[2020-12-05 02:11:44,687: INFO/MainProcess] Writing entries (0)...
[2020-12-05 02:14:49,643: INFO/MainProcess] Writing entries (0)...
[2020-12-05 02:17:54,605: INFO/MainProcess] Writing entries (0)...
[2020-12-05 02:20:59,563: INFO/MainProcess] Writing entries (0)...
[2020-12-05 02:24:04,521: INFO/MainProcess] Writing entries (0)...
[2020-12-05 02:27:09,469: INFO/MainProcess] Writing entries (0)...
[2020-12-05 02:30:14,419: INFO/MainProcess] Writing entries (0)...
[2020-12-05 02:33:19,371: INFO/MainProcess] Writing entries (0)...
[2020-12-05 02:36:24,324: INFO/MainProcess] Writing entries (0)...
[2020-12-05 02:39:29,270: INFO/MainProcess] Writing entries (0)...
[2020-12-05 02:42:34,222: INFO/MainProcess] Writing entries (0)...
[2020-12-05 02:45:39,174: INFO/MainProcess] Writing entries (0)...
[2020-12-05 02:48:44,132: INFO/MainProcess] Writing entries (0)...
[2020-12-05 02:51:49,087: INFO/MainProcess] Writing entries (0)...
[2020-12-05 02:54:54,044: INFO/MainProcess] Writing entries (0)...
[2020-12-05 02:57:59,008: INFO/MainProcess] Writing entries (0)...
[2020-12-05 03:01:03,960: INFO/MainProcess] Writing entries (0)...
[2020-12-05 03:04:08,911: INFO/MainProcess] Writing entries (0)...
[2020-12-05 03:07:13,857: INFO/MainProcess] Writing entries (0)...
[2020-12-05 03:10:18,809: INFO/MainProcess] Writing entries (0)...
[2020-12-05 03:13:23,761: INFO/MainProcess] Writing entries (0)...
[2020-12-05 03:16:28,718: INFO/MainProcess] Writing entries (0)...
[2020-12-05 03:19:33,674: INFO/MainProcess] Writing entries (0)...
[2020-12-05 03:22:38,631: INFO/MainProcess] Writing entries (0)...
[2020-12-05 03:25:43,581: INFO/MainProcess] Writing entries (0)...
[2020-12-05 03:28:48,533: INFO/MainProcess] Writing entries (0)...
[2020-12-05 03:31:53,491: INFO/MainProcess] Writing entries (0)...
[2020-12-05 03:34:58,445: INFO/MainProcess] Writing entries (0)...
[2020-12-05 03:38:03,396: INFO/MainProcess] Writing entries (0)...
[2020-12-05 03:41:08,344: INFO/MainProcess] Writing entries (0)...
[2020-12-05 03:44:13,294: INFO/MainProcess] Writing entries (0)...
[2020-12-05 03:47:18,260: INFO/MainProcess] Writing entries (0)...
[2020-12-05 03:50:23,214: INFO/MainProcess] Writing entries (0)...
[2020-12-05 03:53:28,167: INFO/MainProcess] Writing entries (0)...
[2020-12-05 03:56:33,115: INFO/MainProcess] Writing entries (0)...
[2020-12-05 03:59:38,069: INFO/MainProcess] Writing entries (0)...
[2020-12-05 04:02:39,956: INFO/MainProcess] Writing entries (1)...
[2020-12-05 04:05:44,924: INFO/MainProcess] Writing entries (0)...
[2020-12-05 04:08:49,880: INFO/MainProcess] Writing entries (0)...
[2020-12-05 04:11:54,831: INFO/MainProcess] Writing entries (0)...
[2020-12-05 04:14:59,782: INFO/MainProcess] Writing entries (0)...
[2020-12-05 04:18:04,735: INFO/MainProcess] Writing entries (0)...
[2020-12-05 04:21:09,682: INFO/MainProcess] Writing entries (0)...
[2020-12-05 04:24:14,632: INFO/MainProcess] Writing entries (0)...
[2020-12-05 04:27:19,596: INFO/MainProcess] Writing entries (0)...
[2020-12-05 04:30:24,555: INFO/MainProcess] Writing entries (0)...
[2020-12-05 04:33:29,509: INFO/MainProcess] Writing entries (0)...
[2020-12-05 04:36:34,467: INFO/MainProcess] Writing entries (0)...
[2020-12-05 04:39:39,414: INFO/MainProcess] Writing entries (0)...
[2020-12-05 04:42:44,367: INFO/MainProcess] Writing entries (0)...
[2020-12-05 04:45:49,313: INFO/MainProcess] Writing entries (0)...
[2020-12-05 04:48:54,281: INFO/MainProcess] Writing entries (0)...
[2020-12-05 04:51:59,224: INFO/MainProcess] Writing entries (0)...
[2020-12-05 04:55:04,169: INFO/MainProcess] Writing entries (0)...
[2020-12-05 04:58:09,112: INFO/MainProcess] Writing entries (0)...
[2020-12-05 05:01:14,066: INFO/MainProcess] Writing entries (0)...
[2020-12-05 05:04:19,006: INFO/MainProcess] Writing entries (0)...
[2020-12-05 05:07:23,949: INFO/MainProcess] Writing entries (0)...
[2020-12-05 05:10:28,901: INFO/MainProcess] Writing entries (0)...
[2020-12-05 05:13:33,853: INFO/MainProcess] Writing entries (0)...
[2020-12-05 05:16:38,804: INFO/MainProcess] Writing entries (0)...
[2020-12-05 05:19:43,754: INFO/MainProcess] Writing entries (0)...
[2020-12-05 05:22:48,709: INFO/MainProcess] Writing entries (0)...
[2020-12-05 05:25:53,661: INFO/MainProcess] Writing entries (0)...
[2020-12-05 05:28:58,608: INFO/MainProcess] Writing entries (0)...
[2020-12-05 05:32:03,540: INFO/MainProcess] Writing entries (0)...
[2020-12-05 05:35:08,488: INFO/MainProcess] Writing entries (0)...
[2020-12-05 05:38:13,413: INFO/MainProcess] Writing entries (0)...
[2020-12-05 05:41:18,367: INFO/MainProcess] Writing entries (0)...
[2020-12-05 05:44:23,317: INFO/MainProcess] Writing entries (0)...
[2020-12-05 05:47:28,260: INFO/MainProcess] Writing entries (0)...
[2020-12-05 05:50:33,210: INFO/MainProcess] Writing entries (0)...
[2020-12-05 05:53:38,157: INFO/MainProcess] Writing entries (0)...
[2020-12-05 05:56:43,106: INFO/MainProcess] Writing entries (0)...
[2020-12-05 05:59:48,057: INFO/MainProcess] Writing entries (0)...
[2020-12-05 06:02:53,009: INFO/MainProcess] Writing entries (0)...
[2020-12-05 06:05:57,959: INFO/MainProcess] Writing entries (0)...
[2020-12-05 06:09:02,913: INFO/MainProcess] Writing entries (0)...
[2020-12-05 06:12:07,861: INFO/MainProcess] Writing entries (0)...
[2020-12-05 06:15:12,814: INFO/MainProcess] Writing entries (0)...
[2020-12-05 06:18:17,769: INFO/MainProcess] Writing entries (0)...
[2020-12-05 06:21:22,723: INFO/MainProcess] Writing entries (0)...
[2020-12-05 06:24:27,681: INFO/MainProcess] Writing entries (0)...
[2020-12-05 06:27:32,632: INFO/MainProcess] Writing entries (0)...
[2020-12-05 06:30:37,593: INFO/MainProcess] Writing entries (0)...
[2020-12-05 06:33:42,544: INFO/MainProcess] Writing entries (0)...
[2020-12-05 06:36:47,493: INFO/MainProcess] Writing entries (0)...
[2020-12-05 06:39:52,443: INFO/MainProcess] Writing entries (0)...
[2020-12-05 06:42:57,395: INFO/MainProcess] Writing entries (0)...
[2020-12-05 06:46:02,349: INFO/MainProcess] Writing entries (0)...
[2020-12-05 06:49:07,285: INFO/MainProcess] Writing entries (0)...
[2020-12-05 06:52:12,238: INFO/MainProcess] Writing entries (0)...
[2020-12-05 06:55:17,192: INFO/MainProcess] Writing entries (0)...
[2020-12-05 06:58:22,140: INFO/MainProcess] Writing entries (0)...
[2020-12-05 07:01:27,091: INFO/MainProcess] Writing entries (0)...
[2020-12-05 07:04:32,043: INFO/MainProcess] Writing entries (0)...
[2020-12-05 07:07:37,002: INFO/MainProcess] Writing entries (0)...
[2020-12-05 07:10:41,954: INFO/MainProcess] Writing entries (0)...
[2020-12-05 07:13:46,901: INFO/MainProcess] Writing entries (0)...
[2020-12-05 07:16:51,854: INFO/MainProcess] Writing entries (0)...
[2020-12-05 07:19:56,808: INFO/MainProcess] Writing entries (0)...
[2020-12-05 07:23:01,762: INFO/MainProcess] Writing entries (0)...
[2020-12-05 07:26:06,713: INFO/MainProcess] Writing entries (0)...
[2020-12-05 07:29:11,660: INFO/MainProcess] Writing entries (0)...
[2020-12-05 07:32:16,615: INFO/MainProcess] Writing entries (0)...
[2020-12-05 07:35:21,568: INFO/MainProcess] Writing entries (0)...
[2020-12-05 07:38:26,525: INFO/MainProcess] Writing entries (0)...
[2020-12-05 07:41:31,474: INFO/MainProcess] Writing entries (0)...
[2020-12-05 07:44:36,427: INFO/MainProcess] Writing entries (0)...
[2020-12-05 07:47:41,379: INFO/MainProcess] Writing entries (0)...
[2020-12-05 07:50:46,331: INFO/MainProcess] Writing entries (0)...
[2020-12-05 07:53:51,288: INFO/MainProcess] Writing entries (0)...
[2020-12-05 07:56:56,244: INFO/MainProcess] Writing entries (0)...
[2020-12-05 08:00:01,196: INFO/MainProcess] Writing entries (0)...
[2020-12-05 08:03:06,155: INFO/MainProcess] Writing entries (0)...
[2020-12-05 08:06:11,109: INFO/MainProcess] Writing entries (0)...
[2020-12-05 08:09:16,062: INFO/MainProcess] Writing entries (0)...
[2020-12-05 08:12:21,017: INFO/MainProcess] Writing entries (0)...
[2020-12-05 08:15:25,968: INFO/MainProcess] Writing entries (0)...
[2020-12-05 08:18:30,925: INFO/MainProcess] Writing entries (0)...
[2020-12-05 08:21:35,882: INFO/MainProcess] Writing entries (0)...
[2020-12-05 08:24:40,829: INFO/MainProcess] Writing entries (0)...
[2020-12-05 08:27:45,782: INFO/MainProcess] Writing entries (0)...
[2020-12-05 08:30:50,736: INFO/MainProcess] Writing entries (0)...
[2020-12-05 08:33:55,689: INFO/MainProcess] Writing entries (0)...
[2020-12-05 08:37:00,647: INFO/MainProcess] Writing entries (0)...
[2020-12-05 08:40:05,600: INFO/MainProcess] Writing entries (0)...
[2020-12-05 08:43:10,553: INFO/MainProcess] Writing entries (0)...
[2020-12-05 08:46:15,506: INFO/MainProcess] Writing entries (0)...
[2020-12-05 08:49:20,460: INFO/MainProcess] Writing entries (0)...
[2020-12-05 08:52:25,417: INFO/MainProcess] Writing entries (0)...
[2020-12-05 08:55:30,371: INFO/MainProcess] Writing entries (0)...
[2020-12-05 08:58:35,326: INFO/MainProcess] Writing entries (0)...
[2020-12-05 09:01:40,273: INFO/MainProcess] Writing entries (0)...
[2020-12-05 09:04:45,230: INFO/MainProcess] Writing entries (0)...
[2020-12-05 09:07:50,186: INFO/MainProcess] Writing entries (0)...
[2020-12-05 09:10:55,130: INFO/MainProcess] Writing entries (0)...
[2020-12-05 09:14:00,072: INFO/MainProcess] Writing entries (0)...
[2020-12-05 09:17:05,025: INFO/MainProcess] Writing entries (0)...
[2020-12-05 09:20:09,969: INFO/MainProcess] Writing entries (0)...
[2020-12-05 09:23:14,927: INFO/MainProcess] Writing entries (0)...
[2020-12-05 09:26:19,882: INFO/MainProcess] Writing entries (0)...
[2020-12-05 09:29:24,838: INFO/MainProcess] Writing entries (0)...
[2020-12-05 09:32:29,788: INFO/MainProcess] Writing entries (0)...
[2020-12-05 09:35:34,754: INFO/MainProcess] Writing entries (0)...
[2020-12-05 09:38:39,711: INFO/MainProcess] Writing entries (0)...
[2020-12-05 09:41:44,661: INFO/MainProcess] Writing entries (0)...
[2020-12-05 09:44:49,612: INFO/MainProcess] Writing entries (0)...
[2020-12-05 09:47:54,567: INFO/MainProcess] Writing entries (0)...
[2020-12-05 09:50:59,521: INFO/MainProcess] Writing entries (0)...
[2020-12-05 09:54:04,473: INFO/MainProcess] Writing entries (0)...
[2020-12-05 09:57:09,425: INFO/MainProcess] Writing entries (0)...
[2020-12-05 10:00:14,384: INFO/MainProcess] Writing entries (0)...
[2020-12-05 10:03:19,340: INFO/MainProcess] Writing entries (0)...
[2020-12-05 10:06:24,295: INFO/MainProcess] Writing entries (0)...
[2020-12-05 10:09:29,246: INFO/MainProcess] Writing entries (0)...
[2020-12-05 10:12:34,199: INFO/MainProcess] Writing entries (0)...
[2020-12-05 10:15:39,155: INFO/MainProcess] Writing entries (0)...
[2020-12-05 10:18:44,104: INFO/MainProcess] Writing entries (0)...
[2020-12-05 10:21:49,058: INFO/MainProcess] Writing entries (0)...
[2020-12-05 10:24:54,018: INFO/MainProcess] Writing entries (0)...
[2020-12-05 10:27:58,962: INFO/MainProcess] Writing entries (0)...
[2020-12-05 10:31:03,908: INFO/MainProcess] Writing entries (0)...
[2020-12-05 10:34:08,858: INFO/MainProcess] Writing entries (0)...
[2020-12-05 10:37:13,819: INFO/MainProcess] Writing entries (0)...
[2020-12-05 10:40:18,771: INFO/MainProcess] Writing entries (0)...
[2020-12-05 10:43:23,728: INFO/MainProcess] Writing entries (0)...
[2020-12-05 10:46:28,682: INFO/MainProcess] Writing entries (0)...
[2020-12-05 10:49:33,635: INFO/MainProcess] Writing entries (0)...
[2020-12-05 10:52:38,590: INFO/MainProcess] Writing entries (0)...
[2020-12-05 10:55:43,546: INFO/MainProcess] Writing entries (0)...
[2020-12-05 10:58:48,497: INFO/MainProcess] Writing entries (0)...
[2020-12-05 11:01:53,452: INFO/MainProcess] Writing entries (0)...
[2020-12-05 11:04:58,405: INFO/MainProcess] Writing entries (0)...
[2020-12-05 11:08:03,360: INFO/MainProcess] Writing entries (0)...
[2020-12-05 11:11:08,314: INFO/MainProcess] Writing entries (0)...
[2020-12-05 11:14:13,266: INFO/MainProcess] Writing entries (0)...
[2020-12-05 11:17:18,215: INFO/MainProcess] Writing entries (0)...
[2020-12-05 11:20:23,169: INFO/MainProcess] Writing entries (0)...
[2020-12-05 11:23:28,123: INFO/MainProcess] Writing entries (0)...
[2020-12-05 11:26:33,082: INFO/MainProcess] Writing entries (0)...
[2020-12-05 11:29:38,033: INFO/MainProcess] Writing entries (0)...
[2020-12-05 11:32:42,987: INFO/MainProcess] Writing entries (0)...
[2020-12-05 11:35:47,932: INFO/MainProcess] Writing entries (0)...
[2020-12-05 11:38:52,887: INFO/MainProcess] Writing entries (0)...
[2020-12-05 11:41:57,839: INFO/MainProcess] Writing entries (0)...
[2020-12-05 11:45:02,790: INFO/MainProcess] Writing entries (0)...
[2020-12-05 11:48:07,747: INFO/MainProcess] Writing entries (0)...
[2020-12-05 11:51:12,702: INFO/MainProcess] Writing entries (0)...
[2020-12-05 11:54:17,650: INFO/MainProcess] Writing entries (0)...
[2020-12-05 11:57:22,598: INFO/MainProcess] Writing entries (0)...
[2020-12-05 12:00:27,547: INFO/MainProcess] Writing entries (0)...
[2020-12-05 12:03:32,500: INFO/MainProcess] Writing entries (0)...
[2020-12-05 12:06:37,452: INFO/MainProcess] Writing entries (0)...
[2020-12-05 12:09:42,397: INFO/MainProcess] Writing entries (0)...
[2020-12-05 12:12:47,352: INFO/MainProcess] Writing entries (0)...
[2020-12-05 12:15:52,298: INFO/MainProcess] Writing entries (0)...
[2020-12-05 12:18:57,250: INFO/MainProcess] Writing entries (0)...
[2020-12-05 12:22:02,200: INFO/MainProcess] Writing entries (0)...
[2020-12-05 12:25:07,149: INFO/MainProcess] Writing entries (0)...
[2020-12-05 12:28:12,099: INFO/MainProcess] Writing entries (0)...
[2020-12-05 12:31:17,050: INFO/MainProcess] Writing entries (0)...
[2020-12-05 12:34:22,011: INFO/MainProcess] Writing entries (0)...
[2020-12-05 12:37:26,968: INFO/MainProcess] Writing entries (0)...
[2020-12-05 12:40:31,922: INFO/MainProcess] Writing entries (0)...
[2020-12-05 12:43:36,874: INFO/MainProcess] Writing entries (0)...
[2020-12-05 12:46:41,826: INFO/MainProcess] Writing entries (0)...
[2020-12-05 12:49:46,781: INFO/MainProcess] Writing entries (0)...
[2020-12-05 12:52:51,733: INFO/MainProcess] Writing entries (0)...
[2020-12-05 12:55:56,687: INFO/MainProcess] Writing entries (0)...
[2020-12-05 12:59:01,641: INFO/MainProcess] Writing entries (0)...
[2020-12-05 13:02:06,595: INFO/MainProcess] Writing entries (0)...
[2020-12-05 13:05:11,546: INFO/MainProcess] Writing entries (0)...
[2020-12-05 13:08:16,493: INFO/MainProcess] Writing entries (0)...
[2020-12-05 13:11:21,446: INFO/MainProcess] Writing entries (0)...
[2020-12-05 13:14:26,398: INFO/MainProcess] Writing entries (0)...
[2020-12-05 13:17:31,351: INFO/MainProcess] Writing entries (0)...
[2020-12-05 13:20:36,303: INFO/MainProcess] Writing entries (0)...
[2020-12-05 13:23:41,254: INFO/MainProcess] Writing entries (0)...
[2020-12-05 13:26:46,207: INFO/MainProcess] Writing entries (0)...
[2020-12-05 13:29:51,167: INFO/MainProcess] Writing entries (0)...
[2020-12-05 13:32:56,124: INFO/MainProcess] Writing entries (0)...
[2020-12-05 13:36:01,074: INFO/MainProcess] Writing entries (0)...
[2020-12-05 13:39:06,027: INFO/MainProcess] Writing entries (0)...
[2020-12-05 13:42:10,976: INFO/MainProcess] Writing entries (0)...
[2020-12-05 13:45:15,925: INFO/MainProcess] Writing entries (0)...
[2020-12-05 13:48:20,878: INFO/MainProcess] Writing entries (0)...
[2020-12-05 13:51:25,835: INFO/MainProcess] Writing entries (0)...
[2020-12-05 13:54:30,789: INFO/MainProcess] Writing entries (0)...
[2020-12-05 13:57:35,738: INFO/MainProcess] Writing entries (0)...
[2020-12-05 14:00:40,696: INFO/MainProcess] Writing entries (0)...
[2020-12-05 14:03:45,646: INFO/MainProcess] Writing entries (0)...
[2020-12-05 14:06:50,602: INFO/MainProcess] Writing entries (0)...
[2020-12-05 14:09:55,552: INFO/MainProcess] Writing entries (0)...
[2020-12-05 14:13:00,511: INFO/MainProcess] Writing entries (0)...
[2020-12-05 14:16:05,465: INFO/MainProcess] Writing entries (0)...
[2020-12-05 14:19:10,411: INFO/MainProcess] Writing entries (0)...
[2020-12-05 14:22:15,364: INFO/MainProcess] Writing entries (0)...
[2020-12-05 14:25:20,314: INFO/MainProcess] Writing entries (0)...
[2020-12-05 14:28:25,263: INFO/MainProcess] Writing entries (0)...
[2020-12-05 14:31:30,217: INFO/MainProcess] Writing entries (0)...
[2020-12-05 14:34:35,166: INFO/MainProcess] Writing entries (0)...
[2020-12-05 14:37:40,135: INFO/MainProcess] Writing entries (0)...
[2020-12-05 14:40:45,081: INFO/MainProcess] Writing entries (0)...
[2020-12-05 14:43:50,035: INFO/MainProcess] Writing entries (0)...
[2020-12-05 14:46:54,987: INFO/MainProcess] Writing entries (0)...
[2020-12-05 14:49:59,941: INFO/MainProcess] Writing entries (0)...
[2020-12-05 14:53:04,891: INFO/MainProcess] Writing entries (0)...
[2020-12-05 14:56:09,846: INFO/MainProcess] Writing entries (0)...
[2020-12-05 14:59:14,796: INFO/MainProcess] Writing entries (0)...
[2020-12-05 15:02:19,756: INFO/MainProcess] Writing entries (0)...
[2020-12-05 15:05:24,709: INFO/MainProcess] Writing entries (0)...
[2020-12-05 15:08:29,663: INFO/MainProcess] Writing entries (0)...
[2020-12-05 15:11:34,619: INFO/MainProcess] Writing entries (0)...
[2020-12-05 15:14:39,573: INFO/MainProcess] Writing entries (0)...
[2020-12-05 15:17:44,525: INFO/MainProcess] Writing entries (0)...
[2020-12-05 15:20:49,477: INFO/MainProcess] Writing entries (0)...
[2020-12-05 15:23:54,431: INFO/MainProcess] Writing entries (0)...
[2020-12-05 15:26:59,386: INFO/MainProcess] Writing entries (0)...
[2020-12-05 15:30:04,336: INFO/MainProcess] Writing entries (0)...
[2020-12-05 15:33:09,292: INFO/MainProcess] Writing entries (0)...
[2020-12-05 15:36:14,242: INFO/MainProcess] Writing entries (0)...
[2020-12-05 15:39:19,195: INFO/MainProcess] Writing entries (0)...
[2020-12-05 15:42:24,142: INFO/MainProcess] Writing entries (0)...
[2020-12-05 15:45:29,083: INFO/MainProcess] Writing entries (0)...
[2020-12-05 15:48:34,037: INFO/MainProcess] Writing entries (0)...
[2020-12-05 15:51:38,989: INFO/MainProcess] Writing entries (0)...
[2020-12-05 15:54:43,940: INFO/MainProcess] Writing entries (0)...
[2020-12-05 15:57:48,890: INFO/MainProcess] Writing entries (0)...
[2020-12-05 16:00:53,848: INFO/MainProcess] Writing entries (0)...
[2020-12-05 16:03:58,803: INFO/MainProcess] Writing entries (0)...
[2020-12-05 16:07:03,763: INFO/MainProcess] Writing entries (0)...
[2020-12-05 16:10:08,720: INFO/MainProcess] Writing entries (0)...
[2020-12-05 16:13:13,670: INFO/MainProcess] Writing entries (0)...
[2020-12-05 16:16:18,623: INFO/MainProcess] Writing entries (0)...
[2020-12-05 16:19:23,587: INFO/MainProcess] Writing entries (0)...
[2020-12-05 16:22:28,540: INFO/MainProcess] Writing entries (0)...
[2020-12-05 16:25:33,496: INFO/MainProcess] Writing entries (0)...
[2020-12-05 16:28:38,450: INFO/MainProcess] Writing entries (0)...
[2020-12-05 16:31:43,407: INFO/MainProcess] Writing entries (0)...
[2020-12-05 16:34:48,367: INFO/MainProcess] Writing entries (0)...
[2020-12-05 16:37:53,325: INFO/MainProcess] Writing entries (0)...
[2020-12-05 16:40:58,279: INFO/MainProcess] Writing entries (0)...
[2020-12-05 16:44:03,230: INFO/MainProcess] Writing entries (0)...
[2020-12-05 16:47:08,190: INFO/MainProcess] Writing entries (0)...
[2020-12-05 16:50:13,143: INFO/MainProcess] Writing entries (0)...
[2020-12-05 16:53:18,095: INFO/MainProcess] Writing entries (0)...
[2020-12-05 16:56:23,054: INFO/MainProcess] Writing entries (0)...
[2020-12-05 16:59:28,008: INFO/MainProcess] Writing entries (0)...
[2020-12-05 17:02:32,957: INFO/MainProcess] Writing entries (0)...
[2020-12-05 17:05:37,919: INFO/MainProcess] Writing entries (0)...
[2020-12-05 17:08:42,873: INFO/MainProcess] Writing entries (0)...
[2020-12-05 17:11:47,829: INFO/MainProcess] Writing entries (0)...
[2020-12-05 17:14:52,785: INFO/MainProcess] Writing entries (0)...
[2020-12-05 17:17:57,748: INFO/MainProcess] Writing entries (0)...
[2020-12-05 17:21:02,703: INFO/MainProcess] Writing entries (0)...
[2020-12-05 17:24:07,655: INFO/MainProcess] Writing entries (0)...
[2020-12-05 17:27:12,612: INFO/MainProcess] Writing entries (0)...
[2020-12-05 17:30:17,570: INFO/MainProcess] Writing entries (0)...
[2020-12-05 17:33:22,525: INFO/MainProcess] Writing entries (0)...
[2020-12-05 17:36:27,485: INFO/MainProcess] Writing entries (0)...
[2020-12-05 17:39:32,440: INFO/MainProcess] Writing entries (0)...
[2020-12-05 17:42:37,392: INFO/MainProcess] Writing entries (0)...
[2020-12-05 17:45:42,344: INFO/MainProcess] Writing entries (0)...
[2020-12-05 17:48:47,295: INFO/MainProcess] Writing entries (0)...
[2020-12-05 17:51:52,238: INFO/MainProcess] Writing entries (0)...
[2020-12-05 17:54:57,187: INFO/MainProcess] Writing entries (0)...
[2020-12-05 17:58:02,140: INFO/MainProcess] Writing entries (0)...
[2020-12-05 18:01:07,098: INFO/MainProcess] Writing entries (0)...
[2020-12-05 18:04:12,056: INFO/MainProcess] Writing entries (0)...
[2020-12-05 18:07:17,010: INFO/MainProcess] Writing entries (0)...
[2020-12-05 18:10:21,964: INFO/MainProcess] Writing entries (0)...
[2020-12-05 18:13:26,917: INFO/MainProcess] Writing entries (0)...
[2020-12-05 18:16:31,869: INFO/MainProcess] Writing entries (0)...
[2020-12-05 18:19:36,824: INFO/MainProcess] Writing entries (0)...
[2020-12-05 18:22:41,779: INFO/MainProcess] Writing entries (0)...
[2020-12-05 18:25:46,735: INFO/MainProcess] Writing entries (0)...
[2020-12-05 18:28:51,699: INFO/MainProcess] Writing entries (0)...
[2020-12-05 18:31:56,654: INFO/MainProcess] Writing entries (0)...
[2020-12-05 18:35:01,610: INFO/MainProcess] Writing entries (0)...
[2020-12-05 18:38:06,573: INFO/MainProcess] Writing entries (0)...
[2020-12-05 18:41:11,522: INFO/MainProcess] Writing entries (0)...
[2020-12-05 18:44:16,476: INFO/MainProcess] Writing entries (0)...
[2020-12-05 18:47:21,429: INFO/MainProcess] Writing entries (0)...
[2020-12-05 18:50:26,409: INFO/MainProcess] Writing entries (0)...
[2020-12-05 18:53:31,365: INFO/MainProcess] Writing entries (0)...
[2020-12-05 18:56:36,319: INFO/MainProcess] Writing entries (0)...
[2020-12-05 18:59:41,271: INFO/MainProcess] Writing entries (0)...
[2020-12-05 19:02:46,222: INFO/MainProcess] Writing entries (0)...
[2020-12-05 19:05:51,167: INFO/MainProcess] Writing entries (0)...
[2020-12-05 19:08:56,119: INFO/MainProcess] Writing entries (0)...
[2020-12-05 19:12:01,074: INFO/MainProcess] Writing entries (0)...
[2020-12-05 19:15:06,028: INFO/MainProcess] Writing entries (0)...
[2020-12-05 19:18:10,980: INFO/MainProcess] Writing entries (0)...
[2020-12-05 19:21:15,932: INFO/MainProcess] Writing entries (0)...
[2020-12-05 19:24:20,887: INFO/MainProcess] Writing entries (0)...
[2020-12-05 19:27:25,828: INFO/MainProcess] Writing entries (0)...
[2020-12-05 19:30:30,785: INFO/MainProcess] Writing entries (0)...
[2020-12-05 19:33:35,739: INFO/MainProcess] Writing entries (0)...
[2020-12-05 19:36:40,694: INFO/MainProcess] Writing entries (0)...
[2020-12-05 19:39:45,654: INFO/MainProcess] Writing entries (0)...
[2020-12-05 19:42:50,615: INFO/MainProcess] Writing entries (0)...
[2020-12-05 19:45:55,572: INFO/MainProcess] Writing entries (0)...
[2020-12-05 19:49:00,524: INFO/MainProcess] Writing entries (0)...
[2020-12-05 19:52:05,479: INFO/MainProcess] Writing entries (0)...
[2020-12-05 19:55:10,436: INFO/MainProcess] Writing entries (0)...
[2020-12-05 19:58:15,390: INFO/MainProcess] Writing entries (0)...
[2020-12-05 20:01:20,344: INFO/MainProcess] Writing entries (0)...
[2020-12-05 20:04:25,302: INFO/MainProcess] Writing entries (0)...
[2020-12-05 20:07:30,258: INFO/MainProcess] Writing entries (0)...
[2020-12-05 20:10:35,211: INFO/MainProcess] Writing entries (0)...
[2020-12-05 20:13:40,158: INFO/MainProcess] Writing entries (0)...
[2020-12-05 20:16:45,123: INFO/MainProcess] Writing entries (0)...
[2020-12-05 20:19:50,082: INFO/MainProcess] Writing entries (0)...
[2020-12-05 20:22:55,033: INFO/MainProcess] Writing entries (0)...
[2020-12-05 20:25:59,987: INFO/MainProcess] Writing entries (0)...
[2020-12-05 20:29:04,950: INFO/MainProcess] Writing entries (0)...
[2020-12-05 20:32:09,907: INFO/MainProcess] Writing entries (0)...
[2020-12-05 20:35:14,863: INFO/MainProcess] Writing entries (0)...
[2020-12-05 20:38:19,823: INFO/MainProcess] Writing entries (0)...
[2020-12-05 20:41:24,775: INFO/MainProcess] Writing entries (0)...
[2020-12-05 20:44:29,729: INFO/MainProcess] Writing entries (0)...
[2020-12-05 20:47:34,688: INFO/MainProcess] Writing entries (0)...
[2020-12-05 20:50:39,644: INFO/MainProcess] Writing entries (0)...
[2020-12-05 20:53:44,604: INFO/MainProcess] Writing entries (0)...
[2020-12-05 20:56:49,559: INFO/MainProcess] Writing entries (0)...
[2020-12-05 20:59:54,509: INFO/MainProcess] Writing entries (0)...
[2020-12-05 21:02:59,466: INFO/MainProcess] Writing entries (0)...
[2020-12-05 21:06:04,416: INFO/MainProcess] Writing entries (0)...
[2020-12-05 21:09:09,369: INFO/MainProcess] Writing entries (0)...
[2020-12-05 21:12:14,325: INFO/MainProcess] Writing entries (0)...
[2020-12-05 21:15:19,279: INFO/MainProcess] Writing entries (0)...
[2020-12-05 21:18:24,233: INFO/MainProcess] Writing entries (0)...
[2020-12-05 21:21:29,183: INFO/MainProcess] Writing entries (0)...
[2020-12-05 21:24:34,131: INFO/MainProcess] Writing entries (0)...
[2020-12-05 21:27:39,088: INFO/MainProcess] Writing entries (0)...
[2020-12-05 21:30:44,042: INFO/MainProcess] Writing entries (0)...
[2020-12-05 21:33:49,003: INFO/MainProcess] Writing entries (0)...
[2020-12-05 21:36:53,956: INFO/MainProcess] Writing entries (0)...
[2020-12-05 21:39:58,912: INFO/MainProcess] Writing entries (0)...
[2020-12-05 21:43:03,869: INFO/MainProcess] Writing entries (0)...
[2020-12-05 21:46:08,822: INFO/MainProcess] Writing entries (0)...
[2020-12-05 21:49:13,772: INFO/MainProcess] Writing entries (0)...
[2020-12-05 21:52:18,730: INFO/MainProcess] Writing entries (0)...
[2020-12-05 21:55:23,685: INFO/MainProcess] Writing entries (0)...
[2020-12-05 21:58:28,640: INFO/MainProcess] Writing entries (0)...
[2020-12-05 22:01:33,594: INFO/MainProcess] Writing entries (0)...
[2020-12-05 22:04:38,553: INFO/MainProcess] Writing entries (0)...
[2020-12-05 22:07:43,505: INFO/MainProcess] Writing entries (0)...
[2020-12-05 22:10:48,463: INFO/MainProcess] Writing entries (0)...
[2020-12-05 22:13:53,416: INFO/MainProcess] Writing entries (0)...
[2020-12-05 22:16:58,368: INFO/MainProcess] Writing entries (0)...
[2020-12-05 22:20:03,313: INFO/MainProcess] Writing entries (0)...
[2020-12-05 22:23:08,262: INFO/MainProcess] Writing entries (0)...
[2020-12-05 22:26:13,214: INFO/MainProcess] Writing entries (0)...
[2020-12-05 22:29:18,174: INFO/MainProcess] Writing entries (0)...
[2020-12-05 22:32:23,123: INFO/MainProcess] Writing entries (0)...
[2020-12-05 22:35:28,080: INFO/MainProcess] Writing entries (0)...
[2020-12-05 22:38:33,026: INFO/MainProcess] Writing entries (0)...
[2020-12-05 22:41:37,978: INFO/MainProcess] Writing entries (0)...
[2020-12-05 22:44:42,932: INFO/MainProcess] Writing entries (0)...
[2020-12-05 22:47:47,888: INFO/MainProcess] Writing entries (0)...
[2020-12-05 22:50:52,842: INFO/MainProcess] Writing entries (0)...
[2020-12-05 22:53:57,790: INFO/MainProcess] Writing entries (0)...
[2020-12-05 22:57:02,748: INFO/MainProcess] Writing entries (0)...
[2020-12-05 23:00:07,696: INFO/MainProcess] Writing entries (0)...
[2020-12-05 23:03:12,643: INFO/MainProcess] Writing entries (0)...
[2020-12-05 23:06:17,597: INFO/MainProcess] Writing entries (0)...
[2020-12-05 23:09:22,549: INFO/MainProcess] Writing entries (0)...
[2020-12-05 23:12:27,500: INFO/MainProcess] Writing entries (0)...
[2020-12-05 23:15:32,450: INFO/MainProcess] Writing entries (0)...
[2020-12-05 23:18:37,400: INFO/MainProcess] Writing entries (0)...
[2020-12-05 23:21:42,351: INFO/MainProcess] Writing entries (0)...
[2020-12-05 23:24:47,306: INFO/MainProcess] Writing entries (0)...
[2020-12-05 23:27:52,254: INFO/MainProcess] Writing entries (0)...
[2020-12-05 23:30:57,202: INFO/MainProcess] Writing entries (0)...
[2020-12-05 23:34:02,155: INFO/MainProcess] Writing entries (0)...
[2020-12-05 23:37:07,112: INFO/MainProcess] Writing entries (0)...
[2020-12-05 23:40:12,066: INFO/MainProcess] Writing entries (0)...
[2020-12-05 23:43:17,023: INFO/MainProcess] Writing entries (0)...
[2020-12-05 23:46:21,978: INFO/MainProcess] Writing entries (0)...
[2020-12-05 23:49:26,935: INFO/MainProcess] Writing entries (0)...
[2020-12-05 23:52:31,889: INFO/MainProcess] Writing entries (0)...
[2020-12-05 23:55:36,844: INFO/MainProcess] Writing entries (0)...
[2020-12-05 23:58:41,803: INFO/MainProcess] Writing entries (0)...
[2020-12-06 00:01:46,763: INFO/MainProcess] Writing entries (0)...
[2020-12-06 00:04:51,713: INFO/MainProcess] Writing entries (0)...
[2020-12-06 00:07:56,673: INFO/MainProcess] Writing entries (0)...
[2020-12-06 00:11:01,618: INFO/MainProcess] Writing entries (0)...
[2020-12-06 00:14:06,561: INFO/MainProcess] Writing entries (0)...
[2020-12-06 00:17:11,502: INFO/MainProcess] Writing entries (0)...
[2020-12-06 00:20:16,452: INFO/MainProcess] Writing entries (0)...
[2020-12-06 00:23:21,400: INFO/MainProcess] Writing entries (0)...
[2020-12-06 00:26:26,350: INFO/MainProcess] Writing entries (0)...
[2020-12-06 00:29:31,308: INFO/MainProcess] Writing entries (0)...
[2020-12-06 00:32:36,269: INFO/MainProcess] Writing entries (0)...
[2020-12-06 00:35:41,225: INFO/MainProcess] Writing entries (0)...
[2020-12-06 00:38:46,176: INFO/MainProcess] Writing entries (0)...
[2020-12-06 00:41:51,132: INFO/MainProcess] Writing entries (0)...
[2020-12-06 00:44:56,083: INFO/MainProcess] Writing entries (0)...
[2020-12-06 00:48:01,038: INFO/MainProcess] Writing entries (0)...
[2020-12-06 00:51:05,994: INFO/MainProcess] Writing entries (0)...
[2020-12-06 00:54:10,949: INFO/MainProcess] Writing entries (0)...
[2020-12-06 00:57:15,906: INFO/MainProcess] Writing entries (0)...
[2020-12-06 01:00:20,859: INFO/MainProcess] Writing entries (0)...
[2020-12-06 01:03:25,813: INFO/MainProcess] Writing entries (0)...
[2020-12-06 01:06:30,772: INFO/MainProcess] Writing entries (0)...
[2020-12-06 01:09:35,728: INFO/MainProcess] Writing entries (0)...
[2020-12-06 01:12:40,681: INFO/MainProcess] Writing entries (0)...
[2020-12-06 01:15:45,633: INFO/MainProcess] Writing entries (0)...
[2020-12-06 01:18:50,585: INFO/MainProcess] Writing entries (0)...
[2020-12-06 01:21:55,542: INFO/MainProcess] Writing entries (0)...
[2020-12-06 01:25:00,491: INFO/MainProcess] Writing entries (0)...
[2020-12-06 01:28:05,432: INFO/MainProcess] Writing entries (0)...
[2020-12-06 01:31:10,376: INFO/MainProcess] Writing entries (0)...
[2020-12-06 01:34:15,317: INFO/MainProcess] Writing entries (0)...
[2020-12-06 01:37:20,269: INFO/MainProcess] Writing entries (0)...
[2020-12-06 01:40:25,216: INFO/MainProcess] Writing entries (0)...
[2020-12-06 01:43:30,169: INFO/MainProcess] Writing entries (0)...
[2020-12-06 01:46:35,119: INFO/MainProcess] Writing entries (0)...
[2020-12-06 01:49:40,068: INFO/MainProcess] Writing entries (0)...
[2020-12-06 01:52:45,017: INFO/MainProcess] Writing entries (0)...
[2020-12-06 01:55:49,990: INFO/MainProcess] Writing entries (0)...
[2020-12-06 01:58:54,949: INFO/MainProcess] Writing entries (0)...
[2020-12-06 02:01:59,904: INFO/MainProcess] Writing entries (0)...
[2020-12-06 02:05:04,857: INFO/MainProcess] Writing entries (0)...
[2020-12-06 02:08:09,807: INFO/MainProcess] Writing entries (0)...
[2020-12-06 02:11:14,764: INFO/MainProcess] Writing entries (0)...
[2020-12-06 02:14:19,717: INFO/MainProcess] Writing entries (0)...
[2020-12-06 02:17:24,673: INFO/MainProcess] Writing entries (0)...
[2020-12-06 02:20:29,632: INFO/MainProcess] Writing entries (0)...
[2020-12-06 02:23:34,585: INFO/MainProcess] Writing entries (0)...
[2020-12-06 02:26:39,535: INFO/MainProcess] Writing entries (0)...
[2020-12-06 02:29:44,492: INFO/MainProcess] Writing entries (0)...
[2020-12-06 02:32:49,449: INFO/MainProcess] Writing entries (0)...
[2020-12-06 02:35:54,411: INFO/MainProcess] Writing entries (0)...
[2020-12-06 02:38:59,357: INFO/MainProcess] Writing entries (0)...
[2020-12-06 02:42:04,301: INFO/MainProcess] Writing entries (0)...
[2020-12-06 02:45:09,249: INFO/MainProcess] Writing entries (0)...
[2020-12-06 02:48:14,195: INFO/MainProcess] Writing entries (0)...
[2020-12-06 02:51:19,149: INFO/MainProcess] Writing entries (0)...
[2020-12-06 02:54:24,096: INFO/MainProcess] Writing entries (0)...
[2020-12-06 02:57:29,046: INFO/MainProcess] Writing entries (0)...
[2020-12-06 03:00:33,994: INFO/MainProcess] Writing entries (0)...
[2020-12-06 03:03:38,943: INFO/MainProcess] Writing entries (0)...
[2020-12-06 03:06:43,900: INFO/MainProcess] Writing entries (0)...
[2020-12-06 03:09:48,855: INFO/MainProcess] Writing entries (0)...
[2020-12-06 03:12:53,808: INFO/MainProcess] Writing entries (0)...
[2020-12-06 03:15:58,762: INFO/MainProcess] Writing entries (0)...
[2020-12-06 03:19:03,720: INFO/MainProcess] Writing entries (0)...
[2020-12-06 03:22:08,673: INFO/MainProcess] Writing entries (0)...
[2020-12-06 03:25:13,618: INFO/MainProcess] Writing entries (0)...
[2020-12-06 03:28:18,575: INFO/MainProcess] Writing entries (0)...
[2020-12-06 03:31:23,519: INFO/MainProcess] Writing entries (0)...
[2020-12-06 03:34:28,473: INFO/MainProcess] Writing entries (0)...
[2020-12-06 03:37:33,425: INFO/MainProcess] Writing entries (0)...
[2020-12-06 03:40:38,376: INFO/MainProcess] Writing entries (0)...
[2020-12-06 03:43:43,324: INFO/MainProcess] Writing entries (0)...
[2020-12-06 03:46:48,275: INFO/MainProcess] Writing entries (0)...
[2020-12-06 03:49:53,223: INFO/MainProcess] Writing entries (0)...
[2020-12-06 03:52:58,180: INFO/MainProcess] Writing entries (0)...
[2020-12-06 03:56:03,133: INFO/MainProcess] Writing entries (0)...
[2020-12-06 03:59:08,086: INFO/MainProcess] Writing entries (0)...
[2020-12-06 04:02:09,968: INFO/MainProcess] Writing entries (1)...
[2020-12-06 04:05:14,933: INFO/MainProcess] Writing entries (0)...
[2020-12-06 04:08:19,889: INFO/MainProcess] Writing entries (0)...
[2020-12-06 04:11:24,844: INFO/MainProcess] Writing entries (0)...
[2020-12-06 04:14:29,799: INFO/MainProcess] Writing entries (0)...
[2020-12-06 04:17:34,752: INFO/MainProcess] Writing entries (0)...
[2020-12-06 04:20:39,707: INFO/MainProcess] Writing entries (0)...
[2020-12-06 04:23:44,671: INFO/MainProcess] Writing entries (0)...
[2020-12-06 04:26:49,622: INFO/MainProcess] Writing entries (0)...
[2020-12-06 04:29:54,574: INFO/MainProcess] Writing entries (0)...
[2020-12-06 04:32:59,529: INFO/MainProcess] Writing entries (0)...
[2020-12-06 04:36:04,485: INFO/MainProcess] Writing entries (0)...
[2020-12-06 04:39:09,442: INFO/MainProcess] Writing entries (0)...
[2020-12-06 04:42:14,394: INFO/MainProcess] Writing entries (0)...
[2020-12-06 04:45:19,348: INFO/MainProcess] Writing entries (0)...
[2020-12-06 04:48:24,299: INFO/MainProcess] Writing entries (0)...
[2020-12-06 04:51:29,247: INFO/MainProcess] Writing entries (0)...
[2020-12-06 04:54:34,199: INFO/MainProcess] Writing entries (0)...
[2020-12-06 04:57:39,152: INFO/MainProcess] Writing entries (0)...
[2020-12-06 05:00:44,102: INFO/MainProcess] Writing entries (0)...
[2020-12-06 05:03:49,054: INFO/MainProcess] Writing entries (0)...
[2020-12-06 05:06:54,012: INFO/MainProcess] Writing entries (0)...
[2020-12-06 05:09:58,968: INFO/MainProcess] Writing entries (0)...
[2020-12-06 05:13:03,915: INFO/MainProcess] Writing entries (0)...
[2020-12-06 05:16:08,870: INFO/MainProcess] Writing entries (0)...
[2020-12-06 05:19:13,827: INFO/MainProcess] Writing entries (0)...
[2020-12-06 05:22:18,779: INFO/MainProcess] Writing entries (0)...
[2020-12-06 05:25:23,733: INFO/MainProcess] Writing entries (0)...
[2020-12-06 05:28:28,688: INFO/MainProcess] Writing entries (0)...
[2020-12-06 05:31:33,639: INFO/MainProcess] Writing entries (0)...
[2020-12-06 05:34:38,585: INFO/MainProcess] Writing entries (0)...
[2020-12-06 05:37:43,538: INFO/MainProcess] Writing entries (0)...
[2020-12-06 05:40:48,487: INFO/MainProcess] Writing entries (0)...
[2020-12-06 05:43:53,436: INFO/MainProcess] Writing entries (0)...
[2020-12-06 05:46:58,386: INFO/MainProcess] Writing entries (0)...
[2020-12-06 05:50:03,336: INFO/MainProcess] Writing entries (0)...
[2020-12-06 05:53:08,289: INFO/MainProcess] Writing entries (0)...
[2020-12-06 05:56:13,246: INFO/MainProcess] Writing entries (0)...
[2020-12-06 05:59:18,200: INFO/MainProcess] Writing entries (0)...
[2020-12-06 06:02:23,151: INFO/MainProcess] Writing entries (0)...
[2020-12-06 06:05:28,102: INFO/MainProcess] Writing entries (0)...
[2020-12-06 06:08:33,060: INFO/MainProcess] Writing entries (0)...
[2020-12-06 06:11:38,016: INFO/MainProcess] Writing entries (0)...
[2020-12-06 06:14:42,962: INFO/MainProcess] Writing entries (0)...
[2020-12-06 06:17:47,910: INFO/MainProcess] Writing entries (0)...
[2020-12-06 06:20:52,857: INFO/MainProcess] Writing entries (0)...
[2020-12-06 06:23:57,803: INFO/MainProcess] Writing entries (0)...
[2020-12-06 06:27:02,760: INFO/MainProcess] Writing entries (0)...
[2020-12-06 06:30:07,712: INFO/MainProcess] Writing entries (0)...
[2020-12-06 06:33:12,665: INFO/MainProcess] Writing entries (0)...
[2020-12-06 06:36:17,617: INFO/MainProcess] Writing entries (0)...
[2020-12-06 06:39:22,566: INFO/MainProcess] Writing entries (0)...
[2020-12-06 06:42:27,519: INFO/MainProcess] Writing entries (0)...
[2020-12-06 06:45:32,469: INFO/MainProcess] Writing entries (0)...
[2020-12-06 06:48:37,420: INFO/MainProcess] Writing entries (0)...
[2020-12-06 06:51:42,372: INFO/MainProcess] Writing entries (0)...
[2020-12-06 06:54:47,326: INFO/MainProcess] Writing entries (0)...
[2020-12-06 06:57:52,279: INFO/MainProcess] Writing entries (0)...
[2020-12-06 07:00:57,233: INFO/MainProcess] Writing entries (0)...
[2020-12-06 07:04:02,187: INFO/MainProcess] Writing entries (0)...
[2020-12-06 07:07:07,138: INFO/MainProcess] Writing entries (0)...
[2020-12-06 07:10:12,092: INFO/MainProcess] Writing entries (0)...
[2020-12-06 07:13:17,047: INFO/MainProcess] Writing entries (0)...
[2020-12-06 07:16:21,998: INFO/MainProcess] Writing entries (0)...
[2020-12-06 07:19:26,949: INFO/MainProcess] Writing entries (0)...
[2020-12-06 07:22:31,900: INFO/MainProcess] Writing entries (0)...
[2020-12-06 07:25:36,855: INFO/MainProcess] Writing entries (0)...
[2020-12-06 07:28:41,811: INFO/MainProcess] Writing entries (0)...
[2020-12-06 07:31:46,761: INFO/MainProcess] Writing entries (0)...
[2020-12-06 07:34:51,717: INFO/MainProcess] Writing entries (0)...
[2020-12-06 07:37:56,672: INFO/MainProcess] Writing entries (0)...
[2020-12-06 07:41:01,619: INFO/MainProcess] Writing entries (0)...
[2020-12-06 07:44:06,556: INFO/MainProcess] Writing entries (0)...
[2020-12-06 07:47:11,499: INFO/MainProcess] Writing entries (0)...
[2020-12-06 07:50:16,454: INFO/MainProcess] Writing entries (0)...
[2020-12-06 07:53:21,406: INFO/MainProcess] Writing entries (0)...
[2020-12-06 07:56:26,367: INFO/MainProcess] Writing entries (0)...
[2020-12-06 07:59:31,317: INFO/MainProcess] Writing entries (0)...
[2020-12-06 08:02:36,269: INFO/MainProcess] Writing entries (0)...
[2020-12-06 08:05:41,220: INFO/MainProcess] Writing entries (0)...
[2020-12-06 08:08:46,171: INFO/MainProcess] Writing entries (0)...
[2020-12-06 08:11:51,127: INFO/MainProcess] Writing entries (0)...
[2020-12-06 08:14:56,081: INFO/MainProcess] Writing entries (0)...
[2020-12-06 08:18:01,013: INFO/MainProcess] Writing entries (0)...
[2020-12-06 08:21:05,954: INFO/MainProcess] Writing entries (0)...
[2020-12-06 08:24:10,911: INFO/MainProcess] Writing entries (0)...
[2020-12-06 08:27:15,867: INFO/MainProcess] Writing entries (0)...
[2020-12-06 08:30:20,817: INFO/MainProcess] Writing entries (0)...
[2020-12-06 08:33:25,773: INFO/MainProcess] Writing entries (0)...
[2020-12-06 08:36:30,728: INFO/MainProcess] Writing entries (0)...
[2020-12-06 08:39:35,683: INFO/MainProcess] Writing entries (0)...
[2020-12-06 08:42:40,635: INFO/MainProcess] Writing entries (0)...
[2020-12-06 08:45:45,602: INFO/MainProcess] Writing entries (0)...
[2020-12-06 08:48:50,559: INFO/MainProcess] Writing entries (0)...
[2020-12-06 08:51:55,512: INFO/MainProcess] Writing entries (0)...
[2020-12-06 08:55:00,469: INFO/MainProcess] Writing entries (0)...
[2020-12-06 08:58:05,422: INFO/MainProcess] Writing entries (0)...
[2020-12-06 09:01:10,373: INFO/MainProcess] Writing entries (0)...
[2020-12-06 09:04:15,323: INFO/MainProcess] Writing entries (0)...
[2020-12-06 09:07:20,277: INFO/MainProcess] Writing entries (0)...
[2020-12-06 09:10:25,228: INFO/MainProcess] Writing entries (0)...
[2020-12-06 09:13:30,180: INFO/MainProcess] Writing entries (0)...
[2020-12-06 09:16:35,135: INFO/MainProcess] Writing entries (0)...
[2020-12-06 09:19:40,089: INFO/MainProcess] Writing entries (0)...
[2020-12-06 09:22:45,041: INFO/MainProcess] Writing entries (0)...
[2020-12-06 09:25:49,988: INFO/MainProcess] Writing entries (0)...
[2020-12-06 09:28:54,948: INFO/MainProcess] Writing entries (0)...
[2020-12-06 09:31:59,902: INFO/MainProcess] Writing entries (0)...
[2020-12-06 09:35:04,853: INFO/MainProcess] Writing entries (0)...
[2020-12-06 09:38:09,809: INFO/MainProcess] Writing entries (0)...
[2020-12-06 09:41:14,761: INFO/MainProcess] Writing entries (0)...
[2020-12-06 09:44:19,714: INFO/MainProcess] Writing entries (0)...
[2020-12-06 09:47:24,664: INFO/MainProcess] Writing entries (0)...
[2020-12-06 09:50:29,617: INFO/MainProcess] Writing entries (0)...
[2020-12-06 09:53:34,568: INFO/MainProcess] Writing entries (0)...
[2020-12-06 09:56:39,528: INFO/MainProcess] Writing entries (0)...
[2020-12-06 09:59:44,485: INFO/MainProcess] Writing entries (0)...
[2020-12-06 10:02:49,442: INFO/MainProcess] Writing entries (0)...
[2020-12-06 10:05:54,401: INFO/MainProcess] Writing entries (0)...
[2020-12-06 10:08:59,362: INFO/MainProcess] Writing entries (0)...
[2020-12-06 10:12:04,309: INFO/MainProcess] Writing entries (0)...
[2020-12-06 10:15:09,261: INFO/MainProcess] Writing entries (0)...
[2020-12-06 10:18:14,205: INFO/MainProcess] Writing entries (0)...
[2020-12-06 10:21:19,161: INFO/MainProcess] Writing entries (0)...
[2020-12-06 10:24:24,117: INFO/MainProcess] Writing entries (0)...
[2020-12-06 10:27:29,066: INFO/MainProcess] Writing entries (0)...
[2020-12-06 10:30:34,019: INFO/MainProcess] Writing entries (0)...
[2020-12-06 10:33:38,970: INFO/MainProcess] Writing entries (0)...
[2020-12-06 10:36:43,915: INFO/MainProcess] Writing entries (0)...
[2020-12-06 10:39:48,862: INFO/MainProcess] Writing entries (0)...
[2020-12-06 10:42:53,805: INFO/MainProcess] Writing entries (0)...
[2020-12-06 10:45:58,768: INFO/MainProcess] Writing entries (0)...
[2020-12-06 10:49:03,723: INFO/MainProcess] Writing entries (0)...
[2020-12-06 10:52:08,673: INFO/MainProcess] Writing entries (0)...
[2020-12-06 10:55:13,630: INFO/MainProcess] Writing entries (0)...
[2020-12-06 10:58:18,582: INFO/MainProcess] Writing entries (0)...
[2020-12-06 11:01:23,540: INFO/MainProcess] Writing entries (0)...
[2020-12-06 11:04:28,495: INFO/MainProcess] Writing entries (0)...
[2020-12-06 11:07:33,449: INFO/MainProcess] Writing entries (0)...
[2020-12-06 11:10:38,409: INFO/MainProcess] Writing entries (0)...
[2020-12-06 11:13:43,359: INFO/MainProcess] Writing entries (0)...
[2020-12-06 11:16:48,312: INFO/MainProcess] Writing entries (0)...
[2020-12-06 11:19:53,265: INFO/MainProcess] Writing entries (0)...
[2020-12-06 11:22:58,219: INFO/MainProcess] Writing entries (0)...
[2020-12-06 11:26:03,166: INFO/MainProcess] Writing entries (0)...
[2020-12-06 11:29:08,107: INFO/MainProcess] Writing entries (0)...
[2020-12-06 11:32:13,058: INFO/MainProcess] Writing entries (0)...
[2020-12-06 11:35:17,993: INFO/MainProcess] Writing entries (0)...
[2020-12-06 11:38:22,942: INFO/MainProcess] Writing entries (0)...
[2020-12-06 11:41:27,889: INFO/MainProcess] Writing entries (0)...
[2020-12-06 11:44:32,840: INFO/MainProcess] Writing entries (0)...
[2020-12-06 11:47:37,782: INFO/MainProcess] Writing entries (0)...
[2020-12-06 11:50:42,738: INFO/MainProcess] Writing entries (0)...
[2020-12-06 11:53:47,683: INFO/MainProcess] Writing entries (0)...
[2020-12-06 11:56:52,636: INFO/MainProcess] Writing entries (0)...
[2020-12-06 11:59:57,585: INFO/MainProcess] Writing entries (0)...
[2020-12-06 12:03:02,533: INFO/MainProcess] Writing entries (0)...
[2020-12-06 12:06:07,487: INFO/MainProcess] Writing entries (0)...
[2020-12-06 12:09:12,433: INFO/MainProcess] Writing entries (0)...
[2020-12-06 12:12:17,384: INFO/MainProcess] Writing entries (0)...
[2020-12-06 12:15:22,336: INFO/MainProcess] Writing entries (0)...
[2020-12-06 12:18:27,288: INFO/MainProcess] Writing entries (0)...
[2020-12-06 12:21:32,235: INFO/MainProcess] Writing entries (0)...
[2020-12-06 12:24:37,190: INFO/MainProcess] Writing entries (0)...
[2020-12-06 12:27:42,145: INFO/MainProcess] Writing entries (0)...
[2020-12-06 12:30:47,101: INFO/MainProcess] Writing entries (0)...
[2020-12-06 12:33:52,061: INFO/MainProcess] Writing entries (0)...
[2020-12-06 12:36:57,012: INFO/MainProcess] Writing entries (0)...
[2020-12-06 12:40:01,964: INFO/MainProcess] Writing entries (0)...
[2020-12-06 12:43:06,916: INFO/MainProcess] Writing entries (0)...
[2020-12-06 12:46:11,867: INFO/MainProcess] Writing entries (0)...
[2020-12-06 12:49:16,819: INFO/MainProcess] Writing entries (0)...
[2020-12-06 12:52:21,771: INFO/MainProcess] Writing entries (0)...
[2020-12-06 12:55:26,725: INFO/MainProcess] Writing entries (0)...
[2020-12-06 12:58:31,678: INFO/MainProcess] Writing entries (0)...
[2020-12-06 13:01:36,631: INFO/MainProcess] Writing entries (0)...
[2020-12-06 13:04:41,587: INFO/MainProcess] Writing entries (0)...
[2020-12-06 13:07:46,535: INFO/MainProcess] Writing entries (0)...
[2020-12-06 13:10:51,493: INFO/MainProcess] Writing entries (0)...
[2020-12-06 13:13:56,447: INFO/MainProcess] Writing entries (0)...
[2020-12-06 13:17:01,401: INFO/MainProcess] Writing entries (0)...
[2020-12-06 13:20:06,363: INFO/MainProcess] Writing entries (0)...
[2020-12-06 13:23:11,319: INFO/MainProcess] Writing entries (0)...
[2020-12-06 13:26:16,274: INFO/MainProcess] Writing entries (0)...
[2020-12-06 13:29:21,228: INFO/MainProcess] Writing entries (0)...
[2020-12-06 13:32:26,180: INFO/MainProcess] Writing entries (0)...
[2020-12-06 13:35:31,133: INFO/MainProcess] Writing entries (0)...
[2020-12-06 13:38:36,090: INFO/MainProcess] Writing entries (0)...
[2020-12-06 13:41:41,044: INFO/MainProcess] Writing entries (0)...
[2020-12-06 13:44:46,003: INFO/MainProcess] Writing entries (0)...
[2020-12-06 13:47:50,961: INFO/MainProcess] Writing entries (0)...
[2020-12-06 13:50:55,914: INFO/MainProcess] Writing entries (0)...
[2020-12-06 13:54:00,874: INFO/MainProcess] Writing entries (0)...
[2020-12-06 13:57:05,826: INFO/MainProcess] Writing entries (0)...
[2020-12-06 14:00:10,778: INFO/MainProcess] Writing entries (0)...
[2020-12-06 14:03:15,738: INFO/MainProcess] Writing entries (0)...
[2020-12-06 14:06:20,694: INFO/MainProcess] Writing entries (0)...
[2020-12-06 14:09:25,647: INFO/MainProcess] Writing entries (0)...
[2020-12-06 14:12:30,601: INFO/MainProcess] Writing entries (0)...
[2020-12-06 14:15:35,553: INFO/MainProcess] Writing entries (0)...
[2020-12-06 14:18:40,510: INFO/MainProcess] Writing entries (0)...
[2020-12-06 14:21:45,458: INFO/MainProcess] Writing entries (0)...
[2020-12-06 14:24:50,407: INFO/MainProcess] Writing entries (0)...
[2020-12-06 14:27:55,353: INFO/MainProcess] Writing entries (0)...
[2020-12-06 14:31:00,309: INFO/MainProcess] Writing entries (0)...
[2020-12-06 14:34:05,262: INFO/MainProcess] Writing entries (0)...
[2020-12-06 14:37:10,216: INFO/MainProcess] Writing entries (0)...
[2020-12-06 14:40:15,170: INFO/MainProcess] Writing entries (0)...
[2020-12-06 14:43:20,127: INFO/MainProcess] Writing entries (0)...
[2020-12-06 14:46:25,079: INFO/MainProcess] Writing entries (0)...
[2020-12-06 14:49:30,029: INFO/MainProcess] Writing entries (0)...
[2020-12-06 14:52:34,979: INFO/MainProcess] Writing entries (0)...
[2020-12-06 14:55:39,926: INFO/MainProcess] Writing entries (0)...
[2020-12-06 14:58:44,879: INFO/MainProcess] Writing entries (0)...
[2020-12-06 15:01:49,834: INFO/MainProcess] Writing entries (0)...
[2020-12-06 15:04:54,789: INFO/MainProcess] Writing entries (0)...
[2020-12-06 15:07:59,743: INFO/MainProcess] Writing entries (0)...
[2020-12-06 15:11:04,693: INFO/MainProcess] Writing entries (0)...
[2020-12-06 15:14:09,643: INFO/MainProcess] Writing entries (0)...
[2020-12-06 15:17:14,594: INFO/MainProcess] Writing entries (0)...
[2020-12-06 15:20:19,544: INFO/MainProcess] Writing entries (0)...
[2020-12-06 15:23:24,494: INFO/MainProcess] Writing entries (0)...
[2020-12-06 15:26:29,450: INFO/MainProcess] Writing entries (0)...
[2020-12-06 15:29:34,405: INFO/MainProcess] Writing entries (0)...
[2020-12-06 15:32:39,367: INFO/MainProcess] Writing entries (0)...
[2020-12-06 15:35:44,320: INFO/MainProcess] Writing entries (0)...
[2020-12-06 15:38:49,270: INFO/MainProcess] Writing entries (0)...
[2020-12-06 15:41:54,219: INFO/MainProcess] Writing entries (0)...
[2020-12-06 15:44:59,161: INFO/MainProcess] Writing entries (0)...
[2020-12-06 15:48:04,112: INFO/MainProcess] Writing entries (0)...
[2020-12-06 15:51:09,067: INFO/MainProcess] Writing entries (0)...
[2020-12-06 15:54:14,017: INFO/MainProcess] Writing entries (0)...
[2020-12-06 15:57:18,975: INFO/MainProcess] Writing entries (0)...
[2020-12-06 16:00:23,928: INFO/MainProcess] Writing entries (0)...
[2020-12-06 16:03:28,876: INFO/MainProcess] Writing entries (0)...
[2020-12-06 16:06:33,829: INFO/MainProcess] Writing entries (0)...
[2020-12-06 16:09:38,792: INFO/MainProcess] Writing entries (0)...
[2020-12-06 16:12:43,743: INFO/MainProcess] Writing entries (0)...
[2020-12-06 16:15:48,697: INFO/MainProcess] Writing entries (0)...
[2020-12-06 16:18:53,656: INFO/MainProcess] Writing entries (0)...
[2020-12-06 16:21:58,603: INFO/MainProcess] Writing entries (0)...
[2020-12-06 16:25:03,557: INFO/MainProcess] Writing entries (0)...
[2020-12-06 16:28:08,504: INFO/MainProcess] Writing entries (0)...
[2020-12-06 16:31:13,455: INFO/MainProcess] Writing entries (0)...
[2020-12-06 16:34:18,402: INFO/MainProcess] Writing entries (0)...
[2020-12-06 16:37:23,355: INFO/MainProcess] Writing entries (0)...
[2020-12-06 16:40:28,296: INFO/MainProcess] Writing entries (0)...
[2020-12-06 16:43:33,251: INFO/MainProcess] Writing entries (0)...
[2020-12-06 16:46:38,197: INFO/MainProcess] Writing entries (0)...
[2020-12-06 16:49:43,150: INFO/MainProcess] Writing entries (0)...
[2020-12-06 16:52:48,107: INFO/MainProcess] Writing entries (0)...
[2020-12-06 16:55:53,064: INFO/MainProcess] Writing entries (0)...
[2020-12-06 16:58:58,004: INFO/MainProcess] Writing entries (0)...
[2020-12-06 17:02:02,958: INFO/MainProcess] Writing entries (0)...
[2020-12-06 17:05:07,911: INFO/MainProcess] Writing entries (0)...
[2020-12-06 17:08:12,852: INFO/MainProcess] Writing entries (0)...
[2020-12-06 17:11:17,802: INFO/MainProcess] Writing entries (0)...
[2020-12-06 17:14:22,761: INFO/MainProcess] Writing entries (0)...
[2020-12-06 17:17:27,713: INFO/MainProcess] Writing entries (0)...
[2020-12-06 17:20:32,668: INFO/MainProcess] Writing entries (0)...
[2020-12-06 17:23:37,624: INFO/MainProcess] Writing entries (0)...
[2020-12-06 17:26:42,577: INFO/MainProcess] Writing entries (0)...
[2020-12-06 17:29:47,532: INFO/MainProcess] Writing entries (0)...
[2020-12-06 17:32:52,488: INFO/MainProcess] Writing entries (0)...
[2020-12-06 17:35:57,444: INFO/MainProcess] Writing entries (0)...
[2020-12-06 17:39:02,394: INFO/MainProcess] Writing entries (0)...
[2020-12-06 17:42:07,341: INFO/MainProcess] Writing entries (0)...
[2020-12-06 17:45:12,300: INFO/MainProcess] Writing entries (0)...
[2020-12-06 17:48:17,256: INFO/MainProcess] Writing entries (0)...
[2020-12-06 17:51:22,210: INFO/MainProcess] Writing entries (0)...
[2020-12-06 17:54:27,163: INFO/MainProcess] Writing entries (0)...
[2020-12-06 17:57:32,118: INFO/MainProcess] Writing entries (0)...
[2020-12-06 18:00:37,074: INFO/MainProcess] Writing entries (0)...
[2020-12-06 18:03:42,031: INFO/MainProcess] Writing entries (0)...
[2020-12-06 18:06:46,981: INFO/MainProcess] Writing entries (0)...
[2020-12-06 18:09:51,937: INFO/MainProcess] Writing entries (0)...
[2020-12-06 18:12:56,897: INFO/MainProcess] Writing entries (0)...
[2020-12-06 18:16:01,853: INFO/MainProcess] Writing entries (0)...
[2020-12-06 18:19:06,807: INFO/MainProcess] Writing entries (0)...
[2020-12-06 18:22:11,763: INFO/MainProcess] Writing entries (0)...
[2020-12-06 18:25:16,716: INFO/MainProcess] Writing entries (0)...
[2020-12-06 18:28:21,688: INFO/MainProcess] Writing entries (0)...
[2020-12-06 18:31:26,640: INFO/MainProcess] Writing entries (0)...
[2020-12-06 18:34:31,604: INFO/MainProcess] Writing entries (0)...
[2020-12-06 18:37:36,548: INFO/MainProcess] Writing entries (0)...
[2020-12-06 18:40:41,511: INFO/MainProcess] Writing entries (0)...
[2020-12-06 18:43:46,463: INFO/MainProcess] Writing entries (0)...
[2020-12-06 18:46:51,421: INFO/MainProcess] Writing entries (0)...
[2020-12-06 18:49:56,385: INFO/MainProcess] Writing entries (0)...
[2020-12-06 18:53:01,342: INFO/MainProcess] Writing entries (0)...
[2020-12-06 18:56:06,296: INFO/MainProcess] Writing entries (0)...
[2020-12-06 18:59:11,246: INFO/MainProcess] Writing entries (0)...
[2020-12-06 19:02:16,201: INFO/MainProcess] Writing entries (0)...
[2020-12-06 19:05:21,151: INFO/MainProcess] Writing entries (0)...
[2020-12-06 19:08:26,106: INFO/MainProcess] Writing entries (0)...
[2020-12-06 19:11:31,060: INFO/MainProcess] Writing entries (0)...
[2020-12-06 19:14:36,023: INFO/MainProcess] Writing entries (0)...
[2020-12-06 19:17:40,977: INFO/MainProcess] Writing entries (0)...
[2020-12-06 19:20:45,935: INFO/MainProcess] Writing entries (0)...
[2020-12-06 19:23:50,890: INFO/MainProcess] Writing entries (0)...
[2020-12-06 19:26:55,846: INFO/MainProcess] Writing entries (0)...
[2020-12-06 19:30:00,804: INFO/MainProcess] Writing entries (0)...
[2020-12-06 19:33:05,768: INFO/MainProcess] Writing entries (0)...
[2020-12-06 19:36:10,732: INFO/MainProcess] Writing entries (0)...
[2020-12-06 19:39:15,687: INFO/MainProcess] Writing entries (0)...
[2020-12-06 19:42:20,643: INFO/MainProcess] Writing entries (0)...
[2020-12-06 19:45:25,598: INFO/MainProcess] Writing entries (0)...
[2020-12-06 19:48:30,547: INFO/MainProcess] Writing entries (0)...
[2020-12-06 19:51:35,507: INFO/MainProcess] Writing entries (0)...
[2020-12-06 19:54:40,450: INFO/MainProcess] Writing entries (0)...
[2020-12-06 19:57:45,386: INFO/MainProcess] Writing entries (0)...
[2020-12-06 20:00:50,338: INFO/MainProcess] Writing entries (0)...
[2020-12-06 20:03:55,283: INFO/MainProcess] Writing entries (0)...
[2020-12-06 20:07:00,235: INFO/MainProcess] Writing entries (0)...
[2020-12-06 20:10:05,192: INFO/MainProcess] Writing entries (0)...
[2020-12-06 20:13:10,141: INFO/MainProcess] Writing entries (0)...
[2020-12-06 20:16:15,098: INFO/MainProcess] Writing entries (0)...
[2020-12-06 20:19:20,058: INFO/MainProcess] Writing entries (0)...
[2020-12-06 20:22:25,015: INFO/MainProcess] Writing entries (0)...
[2020-12-06 20:25:29,967: INFO/MainProcess] Writing entries (0)...
[2020-12-06 20:28:34,927: INFO/MainProcess] Writing entries (0)...
[2020-12-06 20:31:39,870: INFO/MainProcess] Writing entries (0)...
[2020-12-06 20:34:44,826: INFO/MainProcess] Writing entries (0)...
[2020-12-06 20:37:49,781: INFO/MainProcess] Writing entries (0)...
[2020-12-06 20:40:54,732: INFO/MainProcess] Writing entries (0)...
[2020-12-06 20:43:59,691: INFO/MainProcess] Writing entries (0)...
[2020-12-06 20:47:04,643: INFO/MainProcess] Writing entries (0)...
[2020-12-06 20:50:09,610: INFO/MainProcess] Writing entries (0)...
[2020-12-06 20:53:14,568: INFO/MainProcess] Writing entries (0)...
[2020-12-06 20:56:19,523: INFO/MainProcess] Writing entries (0)...
[2020-12-06 20:59:24,479: INFO/MainProcess] Writing entries (0)...
[2020-12-06 21:02:29,433: INFO/MainProcess] Writing entries (0)...
[2020-12-06 21:05:34,388: INFO/MainProcess] Writing entries (0)...
[2020-12-06 21:08:39,346: INFO/MainProcess] Writing entries (0)...
[2020-12-06 21:11:44,302: INFO/MainProcess] Writing entries (0)...
[2020-12-06 21:14:49,260: INFO/MainProcess] Writing entries (0)...
[2020-12-06 21:17:54,215: INFO/MainProcess] Writing entries (0)...
[2020-12-06 21:20:59,172: INFO/MainProcess] Writing entries (0)...
[2020-12-06 21:24:04,131: INFO/MainProcess] Writing entries (0)...
[2020-12-06 21:27:09,084: INFO/MainProcess] Writing entries (0)...
[2020-12-06 21:30:14,038: INFO/MainProcess] Writing entries (0)...
[2020-12-06 21:33:18,993: INFO/MainProcess] Writing entries (0)...
[2020-12-06 21:36:23,949: INFO/MainProcess] Writing entries (0)...
[2020-12-06 21:39:28,904: INFO/MainProcess] Writing entries (0)...
[2020-12-06 21:42:33,854: INFO/MainProcess] Writing entries (0)...
[2020-12-06 21:45:38,816: INFO/MainProcess] Writing entries (0)...
[2020-12-06 21:48:43,774: INFO/MainProcess] Writing entries (0)...
[2020-12-06 21:51:48,739: INFO/MainProcess] Writing entries (0)...
[2020-12-06 21:54:53,683: INFO/MainProcess] Writing entries (0)...
[2020-12-06 21:57:58,641: INFO/MainProcess] Writing entries (0)...
[2020-12-06 22:01:03,598: INFO/MainProcess] Writing entries (0)...
[2020-12-06 22:04:08,551: INFO/MainProcess] Writing entries (0)...
[2020-12-06 22:07:13,508: INFO/MainProcess] Writing entries (0)...
[2020-12-06 22:10:18,463: INFO/MainProcess] Writing entries (0)...
[2020-12-06 22:13:23,422: INFO/MainProcess] Writing entries (0)...
[2020-12-06 22:16:28,378: INFO/MainProcess] Writing entries (0)...
[2020-12-06 22:19:33,319: INFO/MainProcess] Writing entries (0)...
[2020-12-06 22:22:38,269: INFO/MainProcess] Writing entries (0)...
[2020-12-06 22:25:43,228: INFO/MainProcess] Writing entries (0)...
[2020-12-06 22:28:48,186: INFO/MainProcess] Writing entries (0)...
[2020-12-06 22:31:53,137: INFO/MainProcess] Writing entries (0)...
[2020-12-06 22:34:58,093: INFO/MainProcess] Writing entries (0)...
[2020-12-06 22:38:03,048: INFO/MainProcess] Writing entries (0)...
[2020-12-06 22:41:08,003: INFO/MainProcess] Writing entries (0)...
[2020-12-06 22:44:12,959: INFO/MainProcess] Writing entries (0)...
[2020-12-06 22:47:17,911: INFO/MainProcess] Writing entries (0)...
[2020-12-06 22:50:22,868: INFO/MainProcess] Writing entries (0)...
[2020-12-06 22:53:27,826: INFO/MainProcess] Writing entries (0)...
[2020-12-06 22:56:32,786: INFO/MainProcess] Writing entries (0)...
[2020-12-06 22:59:37,745: INFO/MainProcess] Writing entries (0)...
[2020-12-06 23:02:42,705: INFO/MainProcess] Writing entries (0)...
[2020-12-06 23:05:47,662: INFO/MainProcess] Writing entries (0)...
[2020-12-06 23:08:52,618: INFO/MainProcess] Writing entries (0)...
[2020-12-06 23:11:57,580: INFO/MainProcess] Writing entries (0)...
[2020-12-06 23:15:02,537: INFO/MainProcess] Writing entries (0)...
[2020-12-06 23:18:07,487: INFO/MainProcess] Writing entries (0)...
[2020-12-06 23:21:12,438: INFO/MainProcess] Writing entries (0)...
[2020-12-06 23:24:17,400: INFO/MainProcess] Writing entries (0)...
[2020-12-06 23:27:22,356: INFO/MainProcess] Writing entries (0)...
[2020-12-06 23:30:27,310: INFO/MainProcess] Writing entries (0)...
[2020-12-06 23:33:32,280: INFO/MainProcess] Writing entries (0)...
[2020-12-06 23:36:37,234: INFO/MainProcess] Writing entries (0)...
[2020-12-06 23:39:42,193: INFO/MainProcess] Writing entries (0)...
[2020-12-06 23:42:47,149: INFO/MainProcess] Writing entries (0)...
[2020-12-06 23:45:52,109: INFO/MainProcess] Writing entries (0)...
[2020-12-06 23:48:57,066: INFO/MainProcess] Writing entries (0)...
[2020-12-06 23:52:02,024: INFO/MainProcess] Writing entries (0)...
[2020-12-06 23:55:06,980: INFO/MainProcess] Writing entries (0)...
[2020-12-06 23:58:11,938: INFO/MainProcess] Writing entries (0)...
[2020-12-07 00:01:16,893: INFO/MainProcess] Writing entries (0)...
[2020-12-07 00:04:21,848: INFO/MainProcess] Writing entries (0)...
[2020-12-07 00:07:26,807: INFO/MainProcess] Writing entries (0)...
[2020-12-07 00:10:31,766: INFO/MainProcess] Writing entries (0)...
[2020-12-07 00:13:36,723: INFO/MainProcess] Writing entries (0)...
[2020-12-07 00:16:41,672: INFO/MainProcess] Writing entries (0)...
[2020-12-07 00:19:46,634: INFO/MainProcess] Writing entries (0)...
[2020-12-07 00:22:51,590: INFO/MainProcess] Writing entries (0)...
[2020-12-07 00:25:56,547: INFO/MainProcess] Writing entries (0)...
[2020-12-07 00:29:01,507: INFO/MainProcess] Writing entries (0)...
[2020-12-07 00:32:06,462: INFO/MainProcess] Writing entries (0)...
[2020-12-07 00:35:11,426: INFO/MainProcess] Writing entries (0)...
[2020-12-07 00:38:16,379: INFO/MainProcess] Writing entries (0)...
[2020-12-07 00:41:21,335: INFO/MainProcess] Writing entries (0)...
[2020-12-07 00:44:26,288: INFO/MainProcess] Writing entries (0)...
[2020-12-07 00:47:31,242: INFO/MainProcess] Writing entries (0)...
[2020-12-07 00:50:36,197: INFO/MainProcess] Writing entries (0)...
[2020-12-07 00:53:41,146: INFO/MainProcess] Writing entries (0)...
[2020-12-07 00:56:46,094: INFO/MainProcess] Writing entries (0)...
[2020-12-07 00:59:51,052: INFO/MainProcess] Writing entries (0)...
[2020-12-07 01:02:56,015: INFO/MainProcess] Writing entries (0)...
[2020-12-07 01:06:00,973: INFO/MainProcess] Writing entries (0)...
[2020-12-07 01:09:05,925: INFO/MainProcess] Writing entries (0)...
[2020-12-07 01:12:10,878: INFO/MainProcess] Writing entries (0)...
[2020-12-07 01:15:15,828: INFO/MainProcess] Writing entries (0)...
[2020-12-07 01:18:20,784: INFO/MainProcess] Writing entries (0)...
[2020-12-07 01:21:25,741: INFO/MainProcess] Writing entries (0)...
[2020-12-07 01:24:30,698: INFO/MainProcess] Writing entries (0)...
[2020-12-07 01:27:35,656: INFO/MainProcess] Writing entries (0)...
[2020-12-07 01:30:40,614: INFO/MainProcess] Writing entries (0)...
[2020-12-07 01:33:45,554: INFO/MainProcess] Writing entries (0)...
[2020-12-07 01:36:50,499: INFO/MainProcess] Writing entries (0)...
[2020-12-07 01:39:55,455: INFO/MainProcess] Writing entries (0)...
[2020-12-07 01:43:00,411: INFO/MainProcess] Writing entries (0)...
[2020-12-07 01:46:05,368: INFO/MainProcess] Writing entries (0)...
[2020-12-07 01:49:10,318: INFO/MainProcess] Writing entries (0)...
[2020-12-07 01:52:15,272: INFO/MainProcess] Writing entries (0)...
[2020-12-07 01:55:20,225: INFO/MainProcess] Writing entries (0)...
[2020-12-07 01:58:25,179: INFO/MainProcess] Writing entries (0)...
[2020-12-07 02:01:30,134: INFO/MainProcess] Writing entries (0)...
[2020-12-07 02:04:35,086: INFO/MainProcess] Writing entries (0)...
[2020-12-07 02:07:40,045: INFO/MainProcess] Writing entries (0)...
[2020-12-07 02:10:45,005: INFO/MainProcess] Writing entries (0)...
[2020-12-07 02:13:49,964: INFO/MainProcess] Writing entries (0)...
[2020-12-07 02:16:54,923: INFO/MainProcess] Writing entries (0)...
[2020-12-07 02:19:59,883: INFO/MainProcess] Writing entries (0)...
[2020-12-07 02:23:04,840: INFO/MainProcess] Writing entries (0)...
[2020-12-07 02:26:09,789: INFO/MainProcess] Writing entries (0)...
[2020-12-07 02:29:14,745: INFO/MainProcess] Writing entries (0)...
[2020-12-07 02:32:19,702: INFO/MainProcess] Writing entries (0)...
[2020-12-07 02:35:24,656: INFO/MainProcess] Writing entries (0)...
[2020-12-07 02:38:29,608: INFO/MainProcess] Writing entries (0)...
[2020-12-07 02:41:34,558: INFO/MainProcess] Writing entries (0)...
[2020-12-07 02:44:39,509: INFO/MainProcess] Writing entries (0)...
[2020-12-07 02:47:44,463: INFO/MainProcess] Writing entries (0)...
[2020-12-07 02:50:49,418: INFO/MainProcess] Writing entries (0)...
[2020-12-07 02:53:54,369: INFO/MainProcess] Writing entries (0)...
[2020-12-07 02:56:59,324: INFO/MainProcess] Writing entries (0)...
[2020-12-07 03:00:04,276: INFO/MainProcess] Writing entries (0)...
[2020-12-07 03:03:09,222: INFO/MainProcess] Writing entries (0)...
[2020-12-07 03:06:14,170: INFO/MainProcess] Writing entries (0)...
[2020-12-07 03:09:19,121: INFO/MainProcess] Writing entries (0)...
[2020-12-07 03:12:24,077: INFO/MainProcess] Writing entries (0)...
[2020-12-07 03:15:29,030: INFO/MainProcess] Writing entries (0)...
[2020-12-07 03:18:33,983: INFO/MainProcess] Writing entries (0)...
[2020-12-07 03:21:38,938: INFO/MainProcess] Writing entries (0)...
[2020-12-07 03:24:43,901: INFO/MainProcess] Writing entries (0)...
[2020-12-07 03:27:48,852: INFO/MainProcess] Writing entries (0)...
[2020-12-07 03:30:53,809: INFO/MainProcess] Writing entries (0)...
[2020-12-07 03:33:58,759: INFO/MainProcess] Writing entries (0)...
[2020-12-07 03:37:03,710: INFO/MainProcess] Writing entries (0)...
[2020-12-07 03:40:08,667: INFO/MainProcess] Writing entries (0)...
[2020-12-07 03:43:13,621: INFO/MainProcess] Writing entries (0)...
[2020-12-07 03:46:18,577: INFO/MainProcess] Writing entries (0)...
[2020-12-07 03:49:23,532: INFO/MainProcess] Writing entries (0)...
[2020-12-07 03:52:28,482: INFO/MainProcess] Writing entries (0)...
[2020-12-07 03:55:33,435: INFO/MainProcess] Writing entries (0)...
[2020-12-07 03:58:38,383: INFO/MainProcess] Writing entries (0)...
[2020-12-07 04:01:39,975: INFO/MainProcess] Writing entries (1)...
[2020-12-07 04:04:44,941: INFO/MainProcess] Writing entries (0)...
[2020-12-07 04:07:49,893: INFO/MainProcess] Writing entries (0)...
[2020-12-07 04:10:54,846: INFO/MainProcess] Writing entries (0)...
[2020-12-07 04:13:59,798: INFO/MainProcess] Writing entries (0)...
[2020-12-07 04:17:04,743: INFO/MainProcess] Writing entries (0)...
[2020-12-07 04:20:09,691: INFO/MainProcess] Writing entries (0)...
[2020-12-07 04:23:14,647: INFO/MainProcess] Writing entries (0)...
[2020-12-07 04:26:19,599: INFO/MainProcess] Writing entries (0)...
[2020-12-07 04:29:24,553: INFO/MainProcess] Writing entries (0)...
[2020-12-07 04:32:29,501: INFO/MainProcess] Writing entries (0)...
[2020-12-07 04:35:34,458: INFO/MainProcess] Writing entries (0)...
[2020-12-07 04:38:39,409: INFO/MainProcess] Writing entries (0)...
[2020-12-07 04:41:44,361: INFO/MainProcess] Writing entries (0)...
[2020-12-07 04:44:49,316: INFO/MainProcess] Writing entries (0)...
[2020-12-07 04:47:54,269: INFO/MainProcess] Writing entries (0)...
[2020-12-07 04:50:59,218: INFO/MainProcess] Writing entries (0)...
[2020-12-07 04:54:04,166: INFO/MainProcess] Writing entries (0)...
[2020-12-07 04:57:09,113: INFO/MainProcess] Writing entries (0)...
[2020-12-07 05:00:14,064: INFO/MainProcess] Writing entries (0)...
[2020-12-07 05:03:19,015: INFO/MainProcess] Writing entries (0)...
[2020-12-07 05:06:23,963: INFO/MainProcess] Writing entries (0)...
[2020-12-07 05:09:28,914: INFO/MainProcess] Writing entries (0)...
[2020-12-07 05:12:33,867: INFO/MainProcess] Writing entries (0)...
[2020-12-07 05:15:38,818: INFO/MainProcess] Writing entries (0)...
[2020-12-07 05:18:43,772: INFO/MainProcess] Writing entries (0)...
[2020-12-07 05:21:48,728: INFO/MainProcess] Writing entries (0)...
[2020-12-07 05:24:53,676: INFO/MainProcess] Writing entries (0)...
[2020-12-07 05:27:58,632: INFO/MainProcess] Writing entries (0)...
[2020-12-07 05:31:03,580: INFO/MainProcess] Writing entries (0)...
[2020-12-07 05:34:08,529: INFO/MainProcess] Writing entries (0)...
[2020-12-07 05:37:13,482: INFO/MainProcess] Writing entries (0)...
[2020-12-07 05:40:18,433: INFO/MainProcess] Writing entries (0)...
[2020-12-07 05:43:23,380: INFO/MainProcess] Writing entries (0)...
[2020-12-07 05:46:28,321: INFO/MainProcess] Writing entries (0)...
[2020-12-07 05:49:33,268: INFO/MainProcess] Writing entries (0)...
[2020-12-07 05:52:38,220: INFO/MainProcess] Writing entries (0)...
[2020-12-07 05:55:43,164: INFO/MainProcess] Writing entries (0)...
[2020-12-07 05:58:48,117: INFO/MainProcess] Writing entries (0)...
[2020-12-07 06:01:53,070: INFO/MainProcess] Writing entries (0)...
[2020-12-07 06:04:58,023: INFO/MainProcess] Writing entries (0)...
[2020-12-07 06:08:02,969: INFO/MainProcess] Writing entries (0)...
[2020-12-07 06:11:07,926: INFO/MainProcess] Writing entries (0)...
[2020-12-07 06:14:12,873: INFO/MainProcess] Writing entries (0)...
[2020-12-07 06:17:17,824: INFO/MainProcess] Writing entries (0)...
[2020-12-07 06:20:22,780: INFO/MainProcess] Writing entries (0)...
[2020-12-07 06:23:27,733: INFO/MainProcess] Writing entries (0)...
[2020-12-07 06:26:32,683: INFO/MainProcess] Writing entries (0)...
[2020-12-07 06:29:37,628: INFO/MainProcess] Writing entries (0)...
[2020-12-07 06:32:42,571: INFO/MainProcess] Writing entries (0)...
[2020-12-07 06:35:47,523: INFO/MainProcess] Writing entries (0)...
[2020-12-07 06:38:52,476: INFO/MainProcess] Writing entries (0)...
[2020-12-07 06:41:57,431: INFO/MainProcess] Writing entries (0)...
[2020-12-07 06:45:02,384: INFO/MainProcess] Writing entries (0)...
[2020-12-07 06:48:07,332: INFO/MainProcess] Writing entries (0)...
[2020-12-07 06:51:12,278: INFO/MainProcess] Writing entries (0)...
[2020-12-07 06:54:17,230: INFO/MainProcess] Writing entries (0)...
[2020-12-07 06:57:22,181: INFO/MainProcess] Writing entries (0)...
[2020-12-07 07:00:27,146: INFO/MainProcess] Writing entries (0)...
[2020-12-07 07:03:32,094: INFO/MainProcess] Writing entries (0)...
[2020-12-07 07:06:37,050: INFO/MainProcess] Writing entries (0)...
[2020-12-07 07:09:41,994: INFO/MainProcess] Writing entries (0)...
[2020-12-07 07:12:46,940: INFO/MainProcess] Writing entries (0)...
[2020-12-07 07:15:51,892: INFO/MainProcess] Writing entries (0)...
[2020-12-07 07:18:56,839: INFO/MainProcess] Writing entries (0)...
[2020-12-07 07:22:01,789: INFO/MainProcess] Writing entries (0)...
[2020-12-07 07:25:06,732: INFO/MainProcess] Writing entries (0)...
[2020-12-07 07:28:11,684: INFO/MainProcess] Writing entries (0)...
[2020-12-07 07:31:16,639: INFO/MainProcess] Writing entries (0)...
[2020-12-07 07:34:21,597: INFO/MainProcess] Writing entries (0)...
[2020-12-07 07:37:26,546: INFO/MainProcess] Writing entries (0)...
[2020-12-07 07:40:31,499: INFO/MainProcess] Writing entries (0)...
[2020-12-07 07:43:36,446: INFO/MainProcess] Writing entries (0)...
[2020-12-07 07:46:41,398: INFO/MainProcess] Writing entries (0)...
[2020-12-07 07:49:46,352: INFO/MainProcess] Writing entries (0)...
[2020-12-07 07:52:51,304: INFO/MainProcess] Writing entries (0)...
[2020-12-07 07:55:56,259: INFO/MainProcess] Writing entries (0)...
[2020-12-07 07:59:01,216: INFO/MainProcess] Writing entries (0)...
[2020-12-07 08:02:06,169: INFO/MainProcess] Writing entries (0)...
[2020-12-07 08:05:11,123: INFO/MainProcess] Writing entries (0)...
[2020-12-07 08:08:16,081: INFO/MainProcess] Writing entries (0)...
[2020-12-07 08:11:21,036: INFO/MainProcess] Writing entries (0)...
[2020-12-07 08:14:25,991: INFO/MainProcess] Writing entries (0)...
[2020-12-07 08:17:30,946: INFO/MainProcess] Writing entries (0)...
[2020-12-07 08:20:35,901: INFO/MainProcess] Writing entries (0)...
[2020-12-07 08:23:40,854: INFO/MainProcess] Writing entries (0)...
[2020-12-07 08:26:45,805: INFO/MainProcess] Writing entries (0)...
[2020-12-07 08:29:50,758: INFO/MainProcess] Writing entries (0)...
[2020-12-07 08:32:55,713: INFO/MainProcess] Writing entries (0)...
[2020-12-07 08:36:00,663: INFO/MainProcess] Writing entries (0)...
[2020-12-07 08:39:05,608: INFO/MainProcess] Writing entries (0)...
[2020-12-07 08:42:10,567: INFO/MainProcess] Writing entries (0)...
[2020-12-07 08:45:15,520: INFO/MainProcess] Writing entries (0)...
[2020-12-07 08:48:20,475: INFO/MainProcess] Writing entries (0)...
[2020-12-07 08:51:25,428: INFO/MainProcess] Writing entries (0)...
[2020-12-07 08:54:30,385: INFO/MainProcess] Writing entries (0)...
[2020-12-07 08:57:35,338: INFO/MainProcess] Writing entries (0)...
[2020-12-07 09:00:40,291: INFO/MainProcess] Writing entries (0)...
[2020-12-07 09:03:45,242: INFO/MainProcess] Writing entries (0)...
[2020-12-07 09:06:50,206: INFO/MainProcess] Writing entries (0)...
[2020-12-07 09:09:55,155: INFO/MainProcess] Writing entries (0)...
[2020-12-07 09:13:00,114: INFO/MainProcess] Writing entries (0)...
